This file contains any messages produced by compilers while
running configure, to aid debugging if configure makes a mistake.

It was created by Virtual Smart Card configure 0.8, which was
generated by GNU Autoconf 2.69.  Invocation command line was

  $ ./configure --sysconfdir=/etc

## --------- ##
## Platform. ##
## --------- ##

hostname = cmel-ubuntu
uname -m = x86_64
uname -r = 4.10.0-30-generic
uname -s = Linux
uname -v = #34~16.04.1-Ubuntu SMP Wed Aug 2 02:13:56 UTC 2017

/usr/bin/uname -p = unknown
/bin/uname -X     = unknown

/bin/arch              = unknown
/usr/bin/arch -k       = unknown
/usr/convex/getsysinfo = unknown
/usr/bin/hostinfo      = unknown
/bin/machine           = unknown
/usr/bin/oslevel       = unknown
/bin/universe          = unknown

PATH: /home/cmel/bin
PATH: /home/cmel/.local/bin
PATH: /usr/local/sbin
PATH: /usr/local/bin
PATH: /usr/sbin
PATH: /usr/bin
PATH: /sbin
PATH: /bin
PATH: /usr/games
PATH: /usr/local/games
PATH: /snap/bin


## ----------- ##
## Core tests. ##
## ----------- ##

configure:2646: checking for a BSD-compatible install
configure:2714: result: /usr/bin/install -c
configure:2725: checking whether build environment is sane
configure:2780: result: yes
configure:2931: checking for a thread-safe mkdir -p
configure:2970: result: /bin/mkdir -p
configure:2977: checking for gawk
configure:3007: result: no
configure:2977: checking for mawk
configure:2993: found /usr/bin/mawk
configure:3004: result: mawk
configure:3015: checking whether make sets $(MAKE)
configure:3037: result: yes
configure:3066: checking whether make supports nested variables
configure:3083: result: yes
configure:3240: checking build system type
configure:3254: result: x86_64-pc-linux-gnu
configure:3274: checking host system type
configure:3287: result: x86_64-pc-linux-gnu
configure:3328: checking how to print strings
configure:3355: result: printf
configure:3388: checking for style of include used by make
configure:3416: result: GNU
configure:3487: checking for gcc
configure:3503: found /usr/bin/gcc
configure:3514: result: gcc
configure:3743: checking for C compiler version
configure:3752: gcc --version >&5
gcc (Ubuntu 5.4.0-6ubuntu1~16.04.4) 5.4.0 20160609
Copyright (C) 2015 Free Software Foundation, Inc.
This is free software; see the source for copying conditions.  There is NO
warranty; not even for MERCHANTABILITY or FITNESS FOR A PARTICULAR PURPOSE.

configure:3763: $? = 0
configure:3752: gcc -v >&5
Using built-in specs.
COLLECT_GCC=gcc
COLLECT_LTO_WRAPPER=/usr/lib/gcc/x86_64-linux-gnu/5/lto-wrapper
Target: x86_64-linux-gnu
Configured with: ../src/configure -v --with-pkgversion='Ubuntu 5.4.0-6ubuntu1~16.04.4' --with-bugurl=file:///usr/share/doc/gcc-5/README.Bugs --enable-languages=c,ada,c++,java,go,d,fortran,objc,obj-c++ --prefix=/usr --program-suffix=-5 --enable-shared --enable-linker-build-id --libexecdir=/usr/lib --without-included-gettext --enable-threads=posix --libdir=/usr/lib --enable-nls --with-sysroot=/ --enable-clocale=gnu --enable-libstdcxx-debug --enable-libstdcxx-time=yes --with-default-libstdcxx-abi=new --enable-gnu-unique-object --disable-vtable-verify --enable-libmpx --enable-plugin --with-system-zlib --disable-browser-plugin --enable-java-awt=gtk --enable-gtk-cairo --with-java-home=/usr/lib/jvm/java-1.5.0-gcj-5-amd64/jre --enable-java-home --with-jvm-root-dir=/usr/lib/jvm/java-1.5.0-gcj-5-amd64 --with-jvm-jar-dir=/usr/lib/jvm-exports/java-1.5.0-gcj-5-amd64 --with-arch-directory=amd64 --with-ecj-jar=/usr/share/java/eclipse-ecj.jar --enable-objc-gc --enable-multiarch --disable-werror --with-arch-32=i686 --with-abi=m64 --with-multilib-list=m32,m64,mx32 --enable-multilib --with-tune=generic --enable-checking=release --build=x86_64-linux-gnu --host=x86_64-linux-gnu --target=x86_64-linux-gnu
Thread model: posix
gcc version 5.4.0 20160609 (Ubuntu 5.4.0-6ubuntu1~16.04.4) 
configure:3763: $? = 0
configure:3752: gcc -V >&5
gcc: error: unrecognized command line option '-V'
gcc: fatal error: no input files
compilation terminated.
configure:3763: $? = 1
configure:3752: gcc -qversion >&5
gcc: error: unrecognized command line option '-qversion'
gcc: fatal error: no input files
compilation terminated.
configure:3763: $? = 1
configure:3783: checking whether the C compiler works
configure:3805: gcc    conftest.c  >&5
configure:3809: $? = 0
configure:3857: result: yes
configure:3860: checking for C compiler default output file name
configure:3862: result: a.out
configure:3868: checking for suffix of executables
configure:3875: gcc -o conftest    conftest.c  >&5
configure:3879: $? = 0
configure:3901: result: 
configure:3923: checking whether we are cross compiling
configure:3931: gcc -o conftest    conftest.c  >&5
configure:3935: $? = 0
configure:3942: ./conftest
configure:3946: $? = 0
configure:3961: result: no
configure:3966: checking for suffix of object files
configure:3988: gcc -c   conftest.c >&5
configure:3992: $? = 0
configure:4013: result: o
configure:4017: checking whether we are using the GNU C compiler
configure:4036: gcc -c   conftest.c >&5
configure:4036: $? = 0
configure:4045: result: yes
configure:4054: checking whether gcc accepts -g
configure:4074: gcc -c -g  conftest.c >&5
configure:4074: $? = 0
configure:4115: result: yes
configure:4132: checking for gcc option to accept ISO C89
configure:4195: gcc  -c -g -O2  conftest.c >&5
configure:4195: $? = 0
configure:4208: result: none needed
configure:4233: checking whether gcc understands -c and -o together
configure:4255: gcc -c conftest.c -o conftest2.o
configure:4258: $? = 0
configure:4255: gcc -c conftest.c -o conftest2.o
configure:4258: $? = 0
configure:4270: result: yes
configure:4289: checking dependency style of gcc
configure:4400: result: gcc3
configure:4415: checking for a sed that does not truncate output
configure:4479: result: /bin/sed
configure:4497: checking for grep that handles long lines and -e
configure:4555: result: /bin/grep
configure:4560: checking for egrep
configure:4622: result: /bin/grep -E
configure:4627: checking for fgrep
configure:4689: result: /bin/grep -F
configure:4724: checking for ld used by gcc
configure:4791: result: /usr/bin/ld
configure:4798: checking if the linker (/usr/bin/ld) is GNU ld
configure:4813: result: yes
configure:4825: checking for BSD- or MS-compatible name lister (nm)
configure:4879: result: /usr/bin/nm -B
configure:5009: checking the name lister (/usr/bin/nm -B) interface
configure:5016: gcc -c -g -O2  conftest.c >&5
configure:5019: /usr/bin/nm -B "conftest.o"
configure:5022: output
0000000000000000 B some_variable
configure:5029: result: BSD nm
configure:5032: checking whether ln -s works
configure:5036: result: yes
configure:5044: checking the maximum length of command line arguments
configure:5175: result: 1572864
configure:5223: checking how to convert x86_64-pc-linux-gnu file names to x86_64-pc-linux-gnu format
configure:5263: result: func_convert_file_noop
configure:5270: checking how to convert x86_64-pc-linux-gnu file names to toolchain format
configure:5290: result: func_convert_file_noop
configure:5297: checking for /usr/bin/ld option to reload object files
configure:5304: result: -r
configure:5378: checking for objdump
configure:5394: found /usr/bin/objdump
configure:5405: result: objdump
configure:5434: checking how to recognize dependent libraries
configure:5634: result: pass_all
configure:5719: checking for dlltool
configure:5749: result: no
configure:5776: checking how to associate runtime and link libraries
configure:5803: result: printf %s\n
configure:5864: checking for ar
configure:5880: found /usr/bin/ar
configure:5891: result: ar
configure:5928: checking for archiver @FILE support
configure:5945: gcc -c -g -O2  conftest.c >&5
configure:5945: $? = 0
configure:5948: ar cru libconftest.a @conftest.lst >&5
ar: `u' modifier ignored since `D' is the default (see `U')
configure:5951: $? = 0
configure:5956: ar cru libconftest.a @conftest.lst >&5
ar: `u' modifier ignored since `D' is the default (see `U')
ar: conftest.o: No such file or directory
configure:5959: $? = 1
configure:5971: result: @
configure:6029: checking for strip
configure:6045: found /usr/bin/strip
configure:6056: result: strip
configure:6128: checking for ranlib
configure:6144: found /usr/bin/ranlib
configure:6155: result: ranlib
configure:6257: checking command to parse /usr/bin/nm -B output from gcc object
configure:6410: gcc -c -g -O2  conftest.c >&5
configure:6413: $? = 0
configure:6417: /usr/bin/nm -B conftest.o \| sed -n -e 's/^.*[ ]\([ABCDGIRSTW][ABCDGIRSTW]*\)[ ][ ]*\([_A-Za-z][_A-Za-z0-9]*\)$/\1 \2 \2/p' | sed '/ __gnu_lto/d' \> conftest.nm
configure:6420: $? = 0
configure:6486: gcc -o conftest -g -O2   conftest.c conftstm.o >&5
configure:6489: $? = 0
configure:6527: result: ok
configure:6574: checking for sysroot
configure:6604: result: no
configure:6611: checking for a working dd
configure:6649: result: /bin/dd
configure:6653: checking how to truncate binary pipes
configure:6668: result: /bin/dd bs=4096 count=1
configure:6804: gcc -c -g -O2  conftest.c >&5
configure:6807: $? = 0
configure:6997: checking for mt
configure:7013: found /bin/mt
configure:7024: result: mt
configure:7047: checking if mt is a manifest tool
configure:7053: mt '-?'
configure:7061: result: no
configure:7738: checking how to run the C preprocessor
configure:7769: gcc -E  conftest.c
configure:7769: $? = 0
configure:7783: gcc -E  conftest.c
conftest.c:11:28: fatal error: ac_nonexistent.h: No such file or directory
compilation terminated.
configure:7783: $? = 1
configure: failed program was:
| /* confdefs.h */
| #define PACKAGE_NAME "Virtual Smart Card"
| #define PACKAGE_TARNAME "virtualsmartcard"
| #define PACKAGE_VERSION "0.8"
| #define PACKAGE_STRING "Virtual Smart Card 0.8"
| #define PACKAGE_BUGREPORT "https://github.com/frankmorgner/vsmartcard/issues"
| #define PACKAGE_URL "http://frankmorgner.github.io/vsmartcard/virtualsmartcard/README.html"
| #define PACKAGE "virtualsmartcard"
| #define VERSION "0.8"
| /* end confdefs.h.  */
| #include <ac_nonexistent.h>
configure:7808: result: gcc -E
configure:7828: gcc -E  conftest.c
configure:7828: $? = 0
configure:7842: gcc -E  conftest.c
conftest.c:11:28: fatal error: ac_nonexistent.h: No such file or directory
compilation terminated.
configure:7842: $? = 1
configure: failed program was:
| /* confdefs.h */
| #define PACKAGE_NAME "Virtual Smart Card"
| #define PACKAGE_TARNAME "virtualsmartcard"
| #define PACKAGE_VERSION "0.8"
| #define PACKAGE_STRING "Virtual Smart Card 0.8"
| #define PACKAGE_BUGREPORT "https://github.com/frankmorgner/vsmartcard/issues"
| #define PACKAGE_URL "http://frankmorgner.github.io/vsmartcard/virtualsmartcard/README.html"
| #define PACKAGE "virtualsmartcard"
| #define VERSION "0.8"
| /* end confdefs.h.  */
| #include <ac_nonexistent.h>
configure:7871: checking for ANSI C header files
configure:7891: gcc -c -g -O2  conftest.c >&5
configure:7891: $? = 0
configure:7964: gcc -o conftest -g -O2   conftest.c  >&5
configure:7964: $? = 0
configure:7964: ./conftest
configure:7964: $? = 0
configure:7975: result: yes
configure:7988: checking for sys/types.h
configure:7988: gcc -c -g -O2  conftest.c >&5
configure:7988: $? = 0
configure:7988: result: yes
configure:7988: checking for sys/stat.h
configure:7988: gcc -c -g -O2  conftest.c >&5
configure:7988: $? = 0
configure:7988: result: yes
configure:7988: checking for stdlib.h
configure:7988: gcc -c -g -O2  conftest.c >&5
configure:7988: $? = 0
configure:7988: result: yes
configure:7988: checking for string.h
configure:7988: gcc -c -g -O2  conftest.c >&5
configure:7988: $? = 0
configure:7988: result: yes
configure:7988: checking for memory.h
configure:7988: gcc -c -g -O2  conftest.c >&5
configure:7988: $? = 0
configure:7988: result: yes
configure:7988: checking for strings.h
configure:7988: gcc -c -g -O2  conftest.c >&5
configure:7988: $? = 0
configure:7988: result: yes
configure:7988: checking for inttypes.h
configure:7988: gcc -c -g -O2  conftest.c >&5
configure:7988: $? = 0
configure:7988: result: yes
configure:7988: checking for stdint.h
configure:7988: gcc -c -g -O2  conftest.c >&5
configure:7988: $? = 0
configure:7988: result: yes
configure:7988: checking for unistd.h
configure:7988: gcc -c -g -O2  conftest.c >&5
configure:7988: $? = 0
configure:7988: result: yes
configure:8002: checking for dlfcn.h
configure:8002: gcc -c -g -O2  conftest.c >&5
configure:8002: $? = 0
configure:8002: result: yes
configure:8556: checking for objdir
configure:8571: result: .libs
configure:8835: checking if gcc supports -fno-rtti -fno-exceptions
configure:8853: gcc -c -g -O2  -fno-rtti -fno-exceptions conftest.c >&5
cc1: warning: command line option '-fno-rtti' is valid for C++/ObjC++ but not for C
configure:8857: $? = 0
configure:8870: result: no
configure:9228: checking for gcc option to produce PIC
configure:9235: result: -fPIC -DPIC
configure:9243: checking if gcc PIC flag -fPIC -DPIC works
configure:9261: gcc -c -g -O2  -fPIC -DPIC -DPIC conftest.c >&5
configure:9265: $? = 0
configure:9278: result: yes
configure:9307: checking if gcc static flag -static works
configure:9335: result: yes
configure:9350: checking if gcc supports -c -o file.o
configure:9371: gcc -c -g -O2  -o out/conftest2.o conftest.c >&5
configure:9375: $? = 0
configure:9397: result: yes
configure:9405: checking if gcc supports -c -o file.o
configure:9452: result: yes
configure:9485: checking whether the gcc linker (/usr/bin/ld -m elf_x86_64) supports shared libraries
configure:10748: result: yes
configure:10785: checking whether -lc should be explicitly linked in
configure:10793: gcc -c -g -O2  conftest.c >&5
configure:10796: $? = 0
configure:10811: gcc -shared  -fPIC -DPIC conftest.o  -v -Wl,-soname -Wl,conftest -o conftest 2\>\&1 \| /bin/grep  -lc  \>/dev/null 2\>\&1
configure:10814: $? = 0
configure:10828: result: no
configure:10988: checking dynamic linker characteristics
configure:11569: gcc -o conftest -g -O2   -Wl,-rpath -Wl,/foo conftest.c  >&5
configure:11569: $? = 0
configure:11818: result: GNU/Linux ld.so
configure:11940: checking how to hardcode library paths into programs
configure:11965: result: immediate
configure:12513: checking whether stripping libraries is possible
configure:12518: result: yes
configure:12553: checking if libtool supports shared libraries
configure:12555: result: yes
configure:12558: checking whether to build shared libraries
configure:12583: result: yes
configure:12586: checking whether to build static libraries
configure:12590: result: yes
configure:12695: checking for gcc
configure:12722: result: gcc
configure:12951: checking for C compiler version
configure:12960: gcc --version >&5
gcc (Ubuntu 5.4.0-6ubuntu1~16.04.4) 5.4.0 20160609
Copyright (C) 2015 Free Software Foundation, Inc.
This is free software; see the source for copying conditions.  There is NO
warranty; not even for MERCHANTABILITY or FITNESS FOR A PARTICULAR PURPOSE.

configure:12971: $? = 0
configure:12960: gcc -v >&5
Using built-in specs.
COLLECT_GCC=gcc
COLLECT_LTO_WRAPPER=/usr/lib/gcc/x86_64-linux-gnu/5/lto-wrapper
Target: x86_64-linux-gnu
Configured with: ../src/configure -v --with-pkgversion='Ubuntu 5.4.0-6ubuntu1~16.04.4' --with-bugurl=file:///usr/share/doc/gcc-5/README.Bugs --enable-languages=c,ada,c++,java,go,d,fortran,objc,obj-c++ --prefix=/usr --program-suffix=-5 --enable-shared --enable-linker-build-id --libexecdir=/usr/lib --without-included-gettext --enable-threads=posix --libdir=/usr/lib --enable-nls --with-sysroot=/ --enable-clocale=gnu --enable-libstdcxx-debug --enable-libstdcxx-time=yes --with-default-libstdcxx-abi=new --enable-gnu-unique-object --disable-vtable-verify --enable-libmpx --enable-plugin --with-system-zlib --disable-browser-plugin --enable-java-awt=gtk --enable-gtk-cairo --with-java-home=/usr/lib/jvm/java-1.5.0-gcj-5-amd64/jre --enable-java-home --with-jvm-root-dir=/usr/lib/jvm/java-1.5.0-gcj-5-amd64 --with-jvm-jar-dir=/usr/lib/jvm-exports/java-1.5.0-gcj-5-amd64 --with-arch-directory=amd64 --with-ecj-jar=/usr/share/java/eclipse-ecj.jar --enable-objc-gc --enable-multiarch --disable-werror --with-arch-32=i686 --with-abi=m64 --with-multilib-list=m32,m64,mx32 --enable-multilib --with-tune=generic --enable-checking=release --build=x86_64-linux-gnu --host=x86_64-linux-gnu --target=x86_64-linux-gnu
Thread model: posix
gcc version 5.4.0 20160609 (Ubuntu 5.4.0-6ubuntu1~16.04.4) 
configure:12971: $? = 0
configure:12960: gcc -V >&5
gcc: error: unrecognized command line option '-V'
gcc: fatal error: no input files
compilation terminated.
configure:12971: $? = 1
configure:12960: gcc -qversion >&5
gcc: error: unrecognized command line option '-qversion'
gcc: fatal error: no input files
compilation terminated.
configure:12971: $? = 1
configure:12975: checking whether we are using the GNU C compiler
configure:13003: result: yes
configure:13012: checking whether gcc accepts -g
configure:13073: result: yes
configure:13090: checking for gcc option to accept ISO C89
configure:13166: result: none needed
configure:13191: checking whether gcc understands -c and -o together
configure:13228: result: yes
configure:13247: checking dependency style of gcc
configure:13358: result: gcc3
configure:13375: checking whether ln -s works
configure:13379: result: yes
configure:13386: checking for a sed that does not truncate output
configure:13450: result: /bin/sed
configure:13467: checking for python
configure:13485: found /usr/bin/python
configure:13497: result: /usr/bin/python
configure:13518: checking for python version
configure:13525: result: 2.7
configure:13537: checking for python platform
configure:13544: result: linux2
configure:13570: checking for python script directory
configure:13605: result: ${prefix}/lib/python2.7/dist-packages
configure:13614: checking for python extension module directory
configure:13649: result: ${exec_prefix}/lib/python2.7/dist-packages
configure:13720: checking for g++
configure:13736: found /usr/bin/g++
configure:13747: result: g++
configure:13774: checking for C++ compiler version
configure:13783: g++ --version >&5
g++ (Ubuntu 5.4.0-6ubuntu1~16.04.4) 5.4.0 20160609
Copyright (C) 2015 Free Software Foundation, Inc.
This is free software; see the source for copying conditions.  There is NO
warranty; not even for MERCHANTABILITY or FITNESS FOR A PARTICULAR PURPOSE.

configure:13794: $? = 0
configure:13783: g++ -v >&5
Using built-in specs.
COLLECT_GCC=g++
COLLECT_LTO_WRAPPER=/usr/lib/gcc/x86_64-linux-gnu/5/lto-wrapper
Target: x86_64-linux-gnu
Configured with: ../src/configure -v --with-pkgversion='Ubuntu 5.4.0-6ubuntu1~16.04.4' --with-bugurl=file:///usr/share/doc/gcc-5/README.Bugs --enable-languages=c,ada,c++,java,go,d,fortran,objc,obj-c++ --prefix=/usr --program-suffix=-5 --enable-shared --enable-linker-build-id --libexecdir=/usr/lib --without-included-gettext --enable-threads=posix --libdir=/usr/lib --enable-nls --with-sysroot=/ --enable-clocale=gnu --enable-libstdcxx-debug --enable-libstdcxx-time=yes --with-default-libstdcxx-abi=new --enable-gnu-unique-object --disable-vtable-verify --enable-libmpx --enable-plugin --with-system-zlib --disable-browser-plugin --enable-java-awt=gtk --enable-gtk-cairo --with-java-home=/usr/lib/jvm/java-1.5.0-gcj-5-amd64/jre --enable-java-home --with-jvm-root-dir=/usr/lib/jvm/java-1.5.0-gcj-5-amd64 --with-jvm-jar-dir=/usr/lib/jvm-exports/java-1.5.0-gcj-5-amd64 --with-arch-directory=amd64 --with-ecj-jar=/usr/share/java/eclipse-ecj.jar --enable-objc-gc --enable-multiarch --disable-werror --with-arch-32=i686 --with-abi=m64 --with-multilib-list=m32,m64,mx32 --enable-multilib --with-tune=generic --enable-checking=release --build=x86_64-linux-gnu --host=x86_64-linux-gnu --target=x86_64-linux-gnu
Thread model: posix
gcc version 5.4.0 20160609 (Ubuntu 5.4.0-6ubuntu1~16.04.4) 
configure:13794: $? = 0
configure:13783: g++ -V >&5
g++: error: unrecognized command line option '-V'
g++: fatal error: no input files
compilation terminated.
configure:13794: $? = 1
configure:13783: g++ -qversion >&5
g++: error: unrecognized command line option '-qversion'
g++: fatal error: no input files
compilation terminated.
configure:13794: $? = 1
configure:13798: checking whether we are using the GNU C++ compiler
configure:13817: g++ -c   conftest.cpp >&5
configure:13817: $? = 0
configure:13826: result: yes
configure:13835: checking whether g++ accepts -g
configure:13855: g++ -c -g  conftest.cpp >&5
configure:13855: $? = 0
configure:13896: result: yes
configure:13921: checking dependency style of g++
configure:14032: result: gcc3
configure:14065: checking how to run the C++ preprocessor
configure:14092: g++ -E  conftest.cpp
configure:14092: $? = 0
configure:14106: g++ -E  conftest.cpp
conftest.cpp:23:28: fatal error: ac_nonexistent.h: No such file or directory
compilation terminated.
configure:14106: $? = 1
configure: failed program was:
| /* confdefs.h */
| #define PACKAGE_NAME "Virtual Smart Card"
| #define PACKAGE_TARNAME "virtualsmartcard"
| #define PACKAGE_VERSION "0.8"
| #define PACKAGE_STRING "Virtual Smart Card 0.8"
| #define PACKAGE_BUGREPORT "https://github.com/frankmorgner/vsmartcard/issues"
| #define PACKAGE_URL "http://frankmorgner.github.io/vsmartcard/virtualsmartcard/README.html"
| #define PACKAGE "virtualsmartcard"
| #define VERSION "0.8"
| #define STDC_HEADERS 1
| #define HAVE_SYS_TYPES_H 1
| #define HAVE_SYS_STAT_H 1
| #define HAVE_STDLIB_H 1
| #define HAVE_STRING_H 1
| #define HAVE_MEMORY_H 1
| #define HAVE_STRINGS_H 1
| #define HAVE_INTTYPES_H 1
| #define HAVE_STDINT_H 1
| #define HAVE_UNISTD_H 1
| #define HAVE_DLFCN_H 1
| #define LT_OBJDIR ".libs/"
| /* end confdefs.h.  */
| #include <ac_nonexistent.h>
configure:14131: result: g++ -E
configure:14151: g++ -E  conftest.cpp
configure:14151: $? = 0
configure:14165: g++ -E  conftest.cpp
conftest.cpp:23:28: fatal error: ac_nonexistent.h: No such file or directory
compilation terminated.
configure:14165: $? = 1
configure: failed program was:
| /* confdefs.h */
| #define PACKAGE_NAME "Virtual Smart Card"
| #define PACKAGE_TARNAME "virtualsmartcard"
| #define PACKAGE_VERSION "0.8"
| #define PACKAGE_STRING "Virtual Smart Card 0.8"
| #define PACKAGE_BUGREPORT "https://github.com/frankmorgner/vsmartcard/issues"
| #define PACKAGE_URL "http://frankmorgner.github.io/vsmartcard/virtualsmartcard/README.html"
| #define PACKAGE "virtualsmartcard"
| #define VERSION "0.8"
| #define STDC_HEADERS 1
| #define HAVE_SYS_TYPES_H 1
| #define HAVE_SYS_STAT_H 1
| #define HAVE_STDLIB_H 1
| #define HAVE_STRING_H 1
| #define HAVE_MEMORY_H 1
| #define HAVE_STRINGS_H 1
| #define HAVE_INTTYPES_H 1
| #define HAVE_STDINT_H 1
| #define HAVE_UNISTD_H 1
| #define HAVE_DLFCN_H 1
| #define LT_OBJDIR ".libs/"
| /* end confdefs.h.  */
| #include <ac_nonexistent.h>
configure:14327: checking for ld used by g++
configure:14394: result: /usr/bin/ld -m elf_x86_64
configure:14401: checking if the linker (/usr/bin/ld -m elf_x86_64) is GNU ld
configure:14416: result: yes
configure:14471: checking whether the g++ linker (/usr/bin/ld -m elf_x86_64) supports shared libraries
configure:15544: result: yes
configure:15580: g++ -c -g -O2  conftest.cpp >&5
configure:15583: $? = 0
configure:16064: checking for g++ option to produce PIC
configure:16071: result: -fPIC -DPIC
configure:16079: checking if g++ PIC flag -fPIC -DPIC works
configure:16097: g++ -c -g -O2  -fPIC -DPIC -DPIC conftest.cpp >&5
configure:16101: $? = 0
configure:16114: result: yes
configure:16137: checking if g++ static flag -static works
configure:16165: result: yes
configure:16177: checking if g++ supports -c -o file.o
configure:16198: g++ -c -g -O2  -o out/conftest2.o conftest.cpp >&5
configure:16202: $? = 0
configure:16224: result: yes
configure:16229: checking if g++ supports -c -o file.o
configure:16276: result: yes
configure:16306: checking whether the g++ linker (/usr/bin/ld -m elf_x86_64) supports shared libraries
configure:16349: result: yes
configure:16490: checking dynamic linker characteristics
configure:17247: result: GNU/Linux ld.so
configure:17312: checking how to hardcode library paths into programs
configure:17337: result: immediate
configure:17432: checking for pkg-config
configure:17450: found /usr/bin/pkg-config
configure:17462: result: /usr/bin/pkg-config
configure:17487: checking pkg-config is at least version 0.9.0
configure:17490: result: yes
configure:17666: checking for the pthreads library -lpthreads
configure:17704: gcc -o conftest -g -O2    conftest.c -lpthreads  >&5
/usr/bin/ld: cannot find -lpthreads
collect2: error: ld returned 1 exit status
configure:17704: $? = 1
configure: failed program was:
| /* confdefs.h */
| #define PACKAGE_NAME "Virtual Smart Card"
| #define PACKAGE_TARNAME "virtualsmartcard"
| #define PACKAGE_VERSION "0.8"
| #define PACKAGE_STRING "Virtual Smart Card 0.8"
| #define PACKAGE_BUGREPORT "https://github.com/frankmorgner/vsmartcard/issues"
| #define PACKAGE_URL "http://frankmorgner.github.io/vsmartcard/virtualsmartcard/README.html"
| #define PACKAGE "virtualsmartcard"
| #define VERSION "0.8"
| #define STDC_HEADERS 1
| #define HAVE_SYS_TYPES_H 1
| #define HAVE_SYS_STAT_H 1
| #define HAVE_STDLIB_H 1
| #define HAVE_STRING_H 1
| #define HAVE_MEMORY_H 1
| #define HAVE_STRINGS_H 1
| #define HAVE_INTTYPES_H 1
| #define HAVE_STDINT_H 1
| #define HAVE_UNISTD_H 1
| #define HAVE_DLFCN_H 1
| #define LT_OBJDIR ".libs/"
| /* end confdefs.h.  */
| #include <pthread.h>
|                         static void routine(void *a) { a = 0; }
|                         static void *start_routine(void *a) { return a; }
| int
| main ()
| {
| pthread_t th; pthread_attr_t attr;
|                         pthread_create(&th, 0, start_routine, 0);
|                         pthread_join(th, 0);
|                         pthread_attr_init(&attr);
|                         pthread_cleanup_push(routine, 0);
|                         pthread_cleanup_pop(0) /* ; */
|   ;
|   return 0;
| }
configure:17713: result: no
configure:17611: checking whether pthreads work without any flags
configure:17704: gcc -o conftest -g -O2    conftest.c   >&5
/tmp/ccSwBrqI.o: In function `main':
/home/cmel/Project/virtualsmartcard-0.8/conftest.c:30: undefined reference to `pthread_create'
/home/cmel/Project/virtualsmartcard-0.8/conftest.c:31: undefined reference to `pthread_join'
/home/cmel/Project/virtualsmartcard-0.8/conftest.c:33: undefined reference to `__pthread_register_cancel'
/home/cmel/Project/virtualsmartcard-0.8/conftest.c:34: undefined reference to `__pthread_unregister_cancel'
collect2: error: ld returned 1 exit status
configure:17704: $? = 1
configure: failed program was:
| /* confdefs.h */
| #define PACKAGE_NAME "Virtual Smart Card"
| #define PACKAGE_TARNAME "virtualsmartcard"
| #define PACKAGE_VERSION "0.8"
| #define PACKAGE_STRING "Virtual Smart Card 0.8"
| #define PACKAGE_BUGREPORT "https://github.com/frankmorgner/vsmartcard/issues"
| #define PACKAGE_URL "http://frankmorgner.github.io/vsmartcard/virtualsmartcard/README.html"
| #define PACKAGE "virtualsmartcard"
| #define VERSION "0.8"
| #define STDC_HEADERS 1
| #define HAVE_SYS_TYPES_H 1
| #define HAVE_SYS_STAT_H 1
| #define HAVE_STDLIB_H 1
| #define HAVE_STRING_H 1
| #define HAVE_MEMORY_H 1
| #define HAVE_STRINGS_H 1
| #define HAVE_INTTYPES_H 1
| #define HAVE_STDINT_H 1
| #define HAVE_UNISTD_H 1
| #define HAVE_DLFCN_H 1
| #define LT_OBJDIR ".libs/"
| /* end confdefs.h.  */
| #include <pthread.h>
|                         static void routine(void *a) { a = 0; }
|                         static void *start_routine(void *a) { return a; }
| int
| main ()
| {
| pthread_t th; pthread_attr_t attr;
|                         pthread_create(&th, 0, start_routine, 0);
|                         pthread_join(th, 0);
|                         pthread_attr_init(&attr);
|                         pthread_cleanup_push(routine, 0);
|                         pthread_cleanup_pop(0) /* ; */
|   ;
|   return 0;
| }
configure:17713: result: no
configure:17616: checking whether pthreads work with -Kthread
configure:17704: gcc -o conftest -g -O2 -Kthread   conftest.c   >&5
gcc: error: unrecognized command line option '-Kthread'
configure:17704: $? = 1
configure: failed program was:
| /* confdefs.h */
| #define PACKAGE_NAME "Virtual Smart Card"
| #define PACKAGE_TARNAME "virtualsmartcard"
| #define PACKAGE_VERSION "0.8"
| #define PACKAGE_STRING "Virtual Smart Card 0.8"
| #define PACKAGE_BUGREPORT "https://github.com/frankmorgner/vsmartcard/issues"
| #define PACKAGE_URL "http://frankmorgner.github.io/vsmartcard/virtualsmartcard/README.html"
| #define PACKAGE "virtualsmartcard"
| #define VERSION "0.8"
| #define STDC_HEADERS 1
| #define HAVE_SYS_TYPES_H 1
| #define HAVE_SYS_STAT_H 1
| #define HAVE_STDLIB_H 1
| #define HAVE_STRING_H 1
| #define HAVE_MEMORY_H 1
| #define HAVE_STRINGS_H 1
| #define HAVE_INTTYPES_H 1
| #define HAVE_STDINT_H 1
| #define HAVE_UNISTD_H 1
| #define HAVE_DLFCN_H 1
| #define LT_OBJDIR ".libs/"
| /* end confdefs.h.  */
| #include <pthread.h>
|                         static void routine(void *a) { a = 0; }
|                         static void *start_routine(void *a) { return a; }
| int
| main ()
| {
| pthread_t th; pthread_attr_t attr;
|                         pthread_create(&th, 0, start_routine, 0);
|                         pthread_join(th, 0);
|                         pthread_attr_init(&attr);
|                         pthread_cleanup_push(routine, 0);
|                         pthread_cleanup_pop(0) /* ; */
|   ;
|   return 0;
| }
configure:17713: result: no
configure:17616: checking whether pthreads work with -kthread
configure:17704: gcc -o conftest -g -O2 -kthread   conftest.c   >&5
gcc: error: unrecognized command line option '-kthread'
configure:17704: $? = 1
configure: failed program was:
| /* confdefs.h */
| #define PACKAGE_NAME "Virtual Smart Card"
| #define PACKAGE_TARNAME "virtualsmartcard"
| #define PACKAGE_VERSION "0.8"
| #define PACKAGE_STRING "Virtual Smart Card 0.8"
| #define PACKAGE_BUGREPORT "https://github.com/frankmorgner/vsmartcard/issues"
| #define PACKAGE_URL "http://frankmorgner.github.io/vsmartcard/virtualsmartcard/README.html"
| #define PACKAGE "virtualsmartcard"
| #define VERSION "0.8"
| #define STDC_HEADERS 1
| #define HAVE_SYS_TYPES_H 1
| #define HAVE_SYS_STAT_H 1
| #define HAVE_STDLIB_H 1
| #define HAVE_STRING_H 1
| #define HAVE_MEMORY_H 1
| #define HAVE_STRINGS_H 1
| #define HAVE_INTTYPES_H 1
| #define HAVE_STDINT_H 1
| #define HAVE_UNISTD_H 1
| #define HAVE_DLFCN_H 1
| #define LT_OBJDIR ".libs/"
| /* end confdefs.h.  */
| #include <pthread.h>
|                         static void routine(void *a) { a = 0; }
|                         static void *start_routine(void *a) { return a; }
| int
| main ()
| {
| pthread_t th; pthread_attr_t attr;
|                         pthread_create(&th, 0, start_routine, 0);
|                         pthread_join(th, 0);
|                         pthread_attr_init(&attr);
|                         pthread_cleanup_push(routine, 0);
|                         pthread_cleanup_pop(0) /* ; */
|   ;
|   return 0;
| }
configure:17713: result: no
configure:17666: checking for the pthreads library -llthread
configure:17704: gcc -o conftest -g -O2    conftest.c -llthread  >&5
/usr/bin/ld: cannot find -llthread
collect2: error: ld returned 1 exit status
configure:17704: $? = 1
configure: failed program was:
| /* confdefs.h */
| #define PACKAGE_NAME "Virtual Smart Card"
| #define PACKAGE_TARNAME "virtualsmartcard"
| #define PACKAGE_VERSION "0.8"
| #define PACKAGE_STRING "Virtual Smart Card 0.8"
| #define PACKAGE_BUGREPORT "https://github.com/frankmorgner/vsmartcard/issues"
| #define PACKAGE_URL "http://frankmorgner.github.io/vsmartcard/virtualsmartcard/README.html"
| #define PACKAGE "virtualsmartcard"
| #define VERSION "0.8"
| #define STDC_HEADERS 1
| #define HAVE_SYS_TYPES_H 1
| #define HAVE_SYS_STAT_H 1
| #define HAVE_STDLIB_H 1
| #define HAVE_STRING_H 1
| #define HAVE_MEMORY_H 1
| #define HAVE_STRINGS_H 1
| #define HAVE_INTTYPES_H 1
| #define HAVE_STDINT_H 1
| #define HAVE_UNISTD_H 1
| #define HAVE_DLFCN_H 1
| #define LT_OBJDIR ".libs/"
| /* end confdefs.h.  */
| #include <pthread.h>
|                         static void routine(void *a) { a = 0; }
|                         static void *start_routine(void *a) { return a; }
| int
| main ()
| {
| pthread_t th; pthread_attr_t attr;
|                         pthread_create(&th, 0, start_routine, 0);
|                         pthread_join(th, 0);
|                         pthread_attr_init(&attr);
|                         pthread_cleanup_push(routine, 0);
|                         pthread_cleanup_pop(0) /* ; */
|   ;
|   return 0;
| }
configure:17713: result: no
configure:17616: checking whether pthreads work with -pthread
configure:17704: gcc -o conftest -g -O2 -pthread   conftest.c   >&5
configure:17704: $? = 0
configure:17713: result: yes
configure:17732: checking for joinable pthread attribute
configure:17747: gcc -o conftest -g -O2 -pthread   conftest.c   >&5
configure:17747: $? = 0
configure:17753: result: PTHREAD_CREATE_JOINABLE
configure:17763: checking if more special flags are required for pthreads
configure:17777: result: no
configure:17783: checking for PTHREAD_PRIO_INHERIT
configure:17801: gcc -o conftest -g -O2 -pthread   conftest.c   >&5
configure:17801: $? = 0
configure:17810: result: yes
configure:17912: checking for help2man
configure:17930: found /usr/bin/help2man
configure:17943: result: /usr/bin/help2man
configure:17974: checking whether make supports nested variables
configure:17991: result: yes
configure:18017: $PKG_CONFIG --exists --print-errors "libpcsclite"
configure:18020: $? = 0
configure:18024: checking for PCSC
configure:18031: $PKG_CONFIG --exists --print-errors "libpcsclite"
configure:18034: $? = 0
configure:18048: $PKG_CONFIG --exists --print-errors "libpcsclite"
configure:18051: $? = 0
configure:18109: result: yes
configure:18131: checking for ifdhandler.h
configure:18131: gcc -c -g -O2  -pthread -I/usr/include/PCSC conftest.c >&5
configure:18131: $? = 0
configure:18131: result: yes
configure:18146: checking debuglog.h usability
configure:18146: gcc -c -g -O2  -pthread -I/usr/include/PCSC conftest.c >&5
configure:18146: $? = 0
configure:18146: result: yes
configure:18146: checking debuglog.h presence
configure:18146: gcc -E  -pthread -I/usr/include/PCSC conftest.c
configure:18146: $? = 0
configure:18146: result: yes
configure:18146: checking for debuglog.h
configure:18146: result: yes
configure:18267: $PKG_CONFIG --exists --print-errors "libqrencode"
configure:18270: $? = 0
configure:18274: checking for QRENCODE
configure:18281: $PKG_CONFIG --exists --print-errors "libqrencode"
configure:18284: $? = 0
configure:18298: $PKG_CONFIG --exists --print-errors "libqrencode"
configure:18301: $? = 0
configure:18359: result: yes
configure:18371: checking qrencode.h usability
configure:18371: gcc -c -g -O2  -I/usr/local/include -I./src/opensc/src conftest.c >&5
configure:18371: $? = 0
configure:18371: result: yes
configure:18371: checking qrencode.h presence
configure:18371: gcc -E  -I/usr/local/include -I./src/opensc/src conftest.c
configure:18371: $? = 0
configure:18371: result: yes
configure:18371: checking for qrencode.h
configure:18371: result: yes
configure:18383: checking for QRcode_encodeString
configure:18403: gcc -o conftest -g -O2  -I/usr/local/include -I./src/opensc/src  conftest.c  -L/usr/local/lib -lqrencode >&5
configure:18403: $? = 0
configure:18404: result: yes
configure:18429: checking arpa/inet.h usability
configure:18429: gcc -c -g -O2  conftest.c >&5
configure:18429: $? = 0
configure:18429: result: yes
configure:18429: checking arpa/inet.h presence
configure:18429: gcc -E  conftest.c
configure:18429: $? = 0
configure:18429: result: yes
configure:18429: checking for arpa/inet.h
configure:18429: result: yes
configure:18429: checking for stdint.h
configure:18429: result: yes
configure:18429: checking for stdlib.h
configure:18429: result: yes
configure:18429: checking for string.h
configure:18429: result: yes
configure:18429: checking sys/socket.h usability
configure:18429: gcc -c -g -O2  conftest.c >&5
configure:18429: $? = 0
configure:18429: result: yes
configure:18429: checking sys/socket.h presence
configure:18429: gcc -E  conftest.c
configure:18429: $? = 0
configure:18429: result: yes
configure:18429: checking for sys/socket.h
configure:18429: result: yes
configure:18429: checking sys/time.h usability
configure:18429: gcc -c -g -O2  conftest.c >&5
configure:18429: $? = 0
configure:18429: result: yes
configure:18429: checking sys/time.h presence
configure:18429: gcc -E  conftest.c
configure:18429: $? = 0
configure:18429: result: yes
configure:18429: checking for sys/time.h
configure:18429: result: yes
configure:18429: checking for unistd.h
configure:18429: result: yes
configure:18429: checking syslog.h usability
configure:18429: gcc -c -g -O2  conftest.c >&5
configure:18429: $? = 0
configure:18429: result: yes
configure:18429: checking syslog.h presence
configure:18429: gcc -E  conftest.c
configure:18429: $? = 0
configure:18429: result: yes
configure:18429: checking for syslog.h
configure:18429: result: yes
configure:18441: checking for size_t
configure:18441: gcc -c -g -O2  conftest.c >&5
configure:18441: $? = 0
configure:18441: gcc -c -g -O2  conftest.c >&5
conftest.c: In function 'main':
conftest.c:75:21: error: expected expression before ')' token
 if (sizeof ((size_t)))
                     ^
configure:18441: $? = 1
configure: failed program was:
| /* confdefs.h */
| #define PACKAGE_NAME "Virtual Smart Card"
| #define PACKAGE_TARNAME "virtualsmartcard"
| #define PACKAGE_VERSION "0.8"
| #define PACKAGE_STRING "Virtual Smart Card 0.8"
| #define PACKAGE_BUGREPORT "https://github.com/frankmorgner/vsmartcard/issues"
| #define PACKAGE_URL "http://frankmorgner.github.io/vsmartcard/virtualsmartcard/README.html"
| #define PACKAGE "virtualsmartcard"
| #define VERSION "0.8"
| #define STDC_HEADERS 1
| #define HAVE_SYS_TYPES_H 1
| #define HAVE_SYS_STAT_H 1
| #define HAVE_STDLIB_H 1
| #define HAVE_STRING_H 1
| #define HAVE_MEMORY_H 1
| #define HAVE_STRINGS_H 1
| #define HAVE_INTTYPES_H 1
| #define HAVE_STDINT_H 1
| #define HAVE_UNISTD_H 1
| #define HAVE_DLFCN_H 1
| #define LT_OBJDIR ".libs/"
| #define HAVE_PTHREAD_PRIO_INHERIT 1
| #define HAVE_PTHREAD 1
| #define HAVE_IFDHANDLER_H 1
| #define HAVE_DEBUGLOG_H 1
| #define VPCDHOST NULL
| #define VPCDSLOTS 2
| #define HAVE_QRENCODE_H 1
| #define HAVE_QRENCODE 1
| #define HAVE_ARPA_INET_H 1
| #define HAVE_STDINT_H 1
| #define HAVE_STDLIB_H 1
| #define HAVE_STRING_H 1
| #define HAVE_SYS_SOCKET_H 1
| #define HAVE_SYS_TIME_H 1
| #define HAVE_UNISTD_H 1
| #define HAVE_SYSLOG_H 1
| /* end confdefs.h.  */
| #include <stdio.h>
| #ifdef HAVE_SYS_TYPES_H
| # include <sys/types.h>
| #endif
| #ifdef HAVE_SYS_STAT_H
| # include <sys/stat.h>
| #endif
| #ifdef STDC_HEADERS
| # include <stdlib.h>
| # include <stddef.h>
| #else
| # ifdef HAVE_STDLIB_H
| #  include <stdlib.h>
| # endif
| #endif
| #ifdef HAVE_STRING_H
| # if !defined STDC_HEADERS && defined HAVE_MEMORY_H
| #  include <memory.h>
| # endif
| # include <string.h>
| #endif
| #ifdef HAVE_STRINGS_H
| # include <strings.h>
| #endif
| #ifdef HAVE_INTTYPES_H
| # include <inttypes.h>
| #endif
| #ifdef HAVE_STDINT_H
| # include <stdint.h>
| #endif
| #ifdef HAVE_UNISTD_H
| # include <unistd.h>
| #endif
| int
| main ()
| {
| if (sizeof ((size_t)))
| 	    return 0;
|   ;
|   return 0;
| }
configure:18441: result: yes
configure:18452: checking for ssize_t
configure:18452: gcc -c -g -O2  conftest.c >&5
configure:18452: $? = 0
configure:18452: gcc -c -g -O2  conftest.c >&5
conftest.c: In function 'main':
conftest.c:75:22: error: expected expression before ')' token
 if (sizeof ((ssize_t)))
                      ^
configure:18452: $? = 1
configure: failed program was:
| /* confdefs.h */
| #define PACKAGE_NAME "Virtual Smart Card"
| #define PACKAGE_TARNAME "virtualsmartcard"
| #define PACKAGE_VERSION "0.8"
| #define PACKAGE_STRING "Virtual Smart Card 0.8"
| #define PACKAGE_BUGREPORT "https://github.com/frankmorgner/vsmartcard/issues"
| #define PACKAGE_URL "http://frankmorgner.github.io/vsmartcard/virtualsmartcard/README.html"
| #define PACKAGE "virtualsmartcard"
| #define VERSION "0.8"
| #define STDC_HEADERS 1
| #define HAVE_SYS_TYPES_H 1
| #define HAVE_SYS_STAT_H 1
| #define HAVE_STDLIB_H 1
| #define HAVE_STRING_H 1
| #define HAVE_MEMORY_H 1
| #define HAVE_STRINGS_H 1
| #define HAVE_INTTYPES_H 1
| #define HAVE_STDINT_H 1
| #define HAVE_UNISTD_H 1
| #define HAVE_DLFCN_H 1
| #define LT_OBJDIR ".libs/"
| #define HAVE_PTHREAD_PRIO_INHERIT 1
| #define HAVE_PTHREAD 1
| #define HAVE_IFDHANDLER_H 1
| #define HAVE_DEBUGLOG_H 1
| #define VPCDHOST NULL
| #define VPCDSLOTS 2
| #define HAVE_QRENCODE_H 1
| #define HAVE_QRENCODE 1
| #define HAVE_ARPA_INET_H 1
| #define HAVE_STDINT_H 1
| #define HAVE_STDLIB_H 1
| #define HAVE_STRING_H 1
| #define HAVE_SYS_SOCKET_H 1
| #define HAVE_SYS_TIME_H 1
| #define HAVE_UNISTD_H 1
| #define HAVE_SYSLOG_H 1
| /* end confdefs.h.  */
| #include <stdio.h>
| #ifdef HAVE_SYS_TYPES_H
| # include <sys/types.h>
| #endif
| #ifdef HAVE_SYS_STAT_H
| # include <sys/stat.h>
| #endif
| #ifdef STDC_HEADERS
| # include <stdlib.h>
| # include <stddef.h>
| #else
| # ifdef HAVE_STDLIB_H
| #  include <stdlib.h>
| # endif
| #endif
| #ifdef HAVE_STRING_H
| # if !defined STDC_HEADERS && defined HAVE_MEMORY_H
| #  include <memory.h>
| # endif
| # include <string.h>
| #endif
| #ifdef HAVE_STRINGS_H
| # include <strings.h>
| #endif
| #ifdef HAVE_INTTYPES_H
| # include <inttypes.h>
| #endif
| #ifdef HAVE_STDINT_H
| # include <stdint.h>
| #endif
| #ifdef HAVE_UNISTD_H
| # include <unistd.h>
| #endif
| int
| main ()
| {
| if (sizeof ((ssize_t)))
| 	    return 0;
|   ;
|   return 0;
| }
configure:18452: result: yes
configure:18463: checking for uint16_t
configure:18463: gcc -c -g -O2  conftest.c >&5
configure:18463: $? = 0
configure:18463: result: yes
configure:18475: checking whether SO_NOSIGPIPE is declared
configure:18475: gcc -c -g -O2  conftest.c >&5
conftest.c: In function 'main':
conftest.c:48:10: error: 'SO_NOSIGPIPE' undeclared (first use in this function)
   (void) SO_NOSIGPIPE;
          ^
conftest.c:48:10: note: each undeclared identifier is reported only once for each function it appears in
configure:18475: $? = 1
configure: failed program was:
| /* confdefs.h */
| #define PACKAGE_NAME "Virtual Smart Card"
| #define PACKAGE_TARNAME "virtualsmartcard"
| #define PACKAGE_VERSION "0.8"
| #define PACKAGE_STRING "Virtual Smart Card 0.8"
| #define PACKAGE_BUGREPORT "https://github.com/frankmorgner/vsmartcard/issues"
| #define PACKAGE_URL "http://frankmorgner.github.io/vsmartcard/virtualsmartcard/README.html"
| #define PACKAGE "virtualsmartcard"
| #define VERSION "0.8"
| #define STDC_HEADERS 1
| #define HAVE_SYS_TYPES_H 1
| #define HAVE_SYS_STAT_H 1
| #define HAVE_STDLIB_H 1
| #define HAVE_STRING_H 1
| #define HAVE_MEMORY_H 1
| #define HAVE_STRINGS_H 1
| #define HAVE_INTTYPES_H 1
| #define HAVE_STDINT_H 1
| #define HAVE_UNISTD_H 1
| #define HAVE_DLFCN_H 1
| #define LT_OBJDIR ".libs/"
| #define HAVE_PTHREAD_PRIO_INHERIT 1
| #define HAVE_PTHREAD 1
| #define HAVE_IFDHANDLER_H 1
| #define HAVE_DEBUGLOG_H 1
| #define VPCDHOST NULL
| #define VPCDSLOTS 2
| #define HAVE_QRENCODE_H 1
| #define HAVE_QRENCODE 1
| #define HAVE_ARPA_INET_H 1
| #define HAVE_STDINT_H 1
| #define HAVE_STDLIB_H 1
| #define HAVE_STRING_H 1
| #define HAVE_SYS_SOCKET_H 1
| #define HAVE_SYS_TIME_H 1
| #define HAVE_UNISTD_H 1
| #define HAVE_SYSLOG_H 1
| /* end confdefs.h.  */
| #include <sys/socket.h>
| 
| int
| main ()
| {
| #ifndef SO_NOSIGPIPE
| #ifdef __cplusplus
|   (void) SO_NOSIGPIPE;
| #else
|   (void) SO_NOSIGPIPE;
| #endif
| #endif
| 
|   ;
|   return 0;
| }
configure:18475: result: no
configure:18487: checking whether MSG_NOSIGNAL is declared
configure:18487: gcc -c -g -O2  conftest.c >&5
configure:18487: $? = 0
configure:18487: result: yes
configure:18517: checking whether inet_ntop is declared
configure:18517: gcc -c -g -O2  conftest.c >&5
configure:18517: $? = 0
configure:18517: result: yes
configure:18534: checking for stdlib.h
configure:18534: result: yes
configure:18544: checking for GNU libc compatible malloc
configure:18568: gcc -o conftest -g -O2   conftest.c  >&5
configure:18568: $? = 0
configure:18568: ./conftest
configure:18568: $? = 0
configure:18578: result: yes
configure:18602: checking for memset
configure:18602: gcc -o conftest -g -O2   conftest.c  >&5
conftest.c:67:6: warning: conflicting types for built-in function 'memset'
 char memset ();
      ^
configure:18602: $? = 0
configure:18602: result: yes
configure:18602: checking for select
configure:18602: gcc -o conftest -g -O2   conftest.c  >&5
configure:18602: $? = 0
configure:18602: result: yes
configure:18602: checking for socket
configure:18602: gcc -o conftest -g -O2   conftest.c  >&5
configure:18602: $? = 0
configure:18602: result: yes
configure:18614: checking for strlcpy
configure:18614: gcc -o conftest -g -O2   conftest.c  >&5
/tmp/cca7BYVn.o: In function `main':
/home/cmel/Project/virtualsmartcard-0.8/conftest.c:81: undefined reference to `strlcpy'
collect2: error: ld returned 1 exit status
configure:18614: $? = 1
configure: failed program was:
| /* confdefs.h */
| #define PACKAGE_NAME "Virtual Smart Card"
| #define PACKAGE_TARNAME "virtualsmartcard"
| #define PACKAGE_VERSION "0.8"
| #define PACKAGE_STRING "Virtual Smart Card 0.8"
| #define PACKAGE_BUGREPORT "https://github.com/frankmorgner/vsmartcard/issues"
| #define PACKAGE_URL "http://frankmorgner.github.io/vsmartcard/virtualsmartcard/README.html"
| #define PACKAGE "virtualsmartcard"
| #define VERSION "0.8"
| #define STDC_HEADERS 1
| #define HAVE_SYS_TYPES_H 1
| #define HAVE_SYS_STAT_H 1
| #define HAVE_STDLIB_H 1
| #define HAVE_STRING_H 1
| #define HAVE_MEMORY_H 1
| #define HAVE_STRINGS_H 1
| #define HAVE_INTTYPES_H 1
| #define HAVE_STDINT_H 1
| #define HAVE_UNISTD_H 1
| #define HAVE_DLFCN_H 1
| #define LT_OBJDIR ".libs/"
| #define HAVE_PTHREAD_PRIO_INHERIT 1
| #define HAVE_PTHREAD 1
| #define HAVE_IFDHANDLER_H 1
| #define HAVE_DEBUGLOG_H 1
| #define VPCDHOST NULL
| #define VPCDSLOTS 2
| #define HAVE_QRENCODE_H 1
| #define HAVE_QRENCODE 1
| #define HAVE_ARPA_INET_H 1
| #define HAVE_STDINT_H 1
| #define HAVE_STDLIB_H 1
| #define HAVE_STRING_H 1
| #define HAVE_SYS_SOCKET_H 1
| #define HAVE_SYS_TIME_H 1
| #define HAVE_UNISTD_H 1
| #define HAVE_SYSLOG_H 1
| #define HAVE_DECL_SO_NOSIGPIPE 0
| #define HAVE_DECL_MSG_NOSIGNAL 1
| #define HAVE_DECL_INET_NTOP 1
| #define HAVE_STDLIB_H 1
| #define HAVE_MALLOC 1
| #define HAVE_MEMSET 1
| #define HAVE_SELECT 1
| #define HAVE_SOCKET 1
| /* end confdefs.h.  */
| /* Define strlcpy to an innocuous variant, in case <limits.h> declares strlcpy.
|    For example, HP-UX 11i <limits.h> declares gettimeofday.  */
| #define strlcpy innocuous_strlcpy
| 
| /* System header to define __stub macros and hopefully few prototypes,
|     which can conflict with char strlcpy (); below.
|     Prefer <limits.h> to <assert.h> if __STDC__ is defined, since
|     <limits.h> exists even on freestanding compilers.  */
| 
| #ifdef __STDC__
| # include <limits.h>
| #else
| # include <assert.h>
| #endif
| 
| #undef strlcpy
| 
| /* Override any GCC internal prototype to avoid an error.
|    Use char because int might match the return type of a GCC
|    builtin and then its argument prototype would still apply.  */
| #ifdef __cplusplus
| extern "C"
| #endif
| char strlcpy ();
| /* The GNU C library defines this for functions which it implements
|     to always fail with ENOSYS.  Some functions are actually named
|     something starting with __ and the normal name is an alias.  */
| #if defined __stub_strlcpy || defined __stub___strlcpy
| choke me
| #endif
| 
| int
| main ()
| {
| return strlcpy ();
|   ;
|   return 0;
| }
configure:18614: result: no
configure:18614: checking for strlcat
configure:18614: gcc -o conftest -g -O2   conftest.c  >&5
/tmp/ccFYtAry.o: In function `main':
/home/cmel/Project/virtualsmartcard-0.8/conftest.c:81: undefined reference to `strlcat'
collect2: error: ld returned 1 exit status
configure:18614: $? = 1
configure: failed program was:
| /* confdefs.h */
| #define PACKAGE_NAME "Virtual Smart Card"
| #define PACKAGE_TARNAME "virtualsmartcard"
| #define PACKAGE_VERSION "0.8"
| #define PACKAGE_STRING "Virtual Smart Card 0.8"
| #define PACKAGE_BUGREPORT "https://github.com/frankmorgner/vsmartcard/issues"
| #define PACKAGE_URL "http://frankmorgner.github.io/vsmartcard/virtualsmartcard/README.html"
| #define PACKAGE "virtualsmartcard"
| #define VERSION "0.8"
| #define STDC_HEADERS 1
| #define HAVE_SYS_TYPES_H 1
| #define HAVE_SYS_STAT_H 1
| #define HAVE_STDLIB_H 1
| #define HAVE_STRING_H 1
| #define HAVE_MEMORY_H 1
| #define HAVE_STRINGS_H 1
| #define HAVE_INTTYPES_H 1
| #define HAVE_STDINT_H 1
| #define HAVE_UNISTD_H 1
| #define HAVE_DLFCN_H 1
| #define LT_OBJDIR ".libs/"
| #define HAVE_PTHREAD_PRIO_INHERIT 1
| #define HAVE_PTHREAD 1
| #define HAVE_IFDHANDLER_H 1
| #define HAVE_DEBUGLOG_H 1
| #define VPCDHOST NULL
| #define VPCDSLOTS 2
| #define HAVE_QRENCODE_H 1
| #define HAVE_QRENCODE 1
| #define HAVE_ARPA_INET_H 1
| #define HAVE_STDINT_H 1
| #define HAVE_STDLIB_H 1
| #define HAVE_STRING_H 1
| #define HAVE_SYS_SOCKET_H 1
| #define HAVE_SYS_TIME_H 1
| #define HAVE_UNISTD_H 1
| #define HAVE_SYSLOG_H 1
| #define HAVE_DECL_SO_NOSIGPIPE 0
| #define HAVE_DECL_MSG_NOSIGNAL 1
| #define HAVE_DECL_INET_NTOP 1
| #define HAVE_STDLIB_H 1
| #define HAVE_MALLOC 1
| #define HAVE_MEMSET 1
| #define HAVE_SELECT 1
| #define HAVE_SOCKET 1
| /* end confdefs.h.  */
| /* Define strlcat to an innocuous variant, in case <limits.h> declares strlcat.
|    For example, HP-UX 11i <limits.h> declares gettimeofday.  */
| #define strlcat innocuous_strlcat
| 
| /* System header to define __stub macros and hopefully few prototypes,
|     which can conflict with char strlcat (); below.
|     Prefer <limits.h> to <assert.h> if __STDC__ is defined, since
|     <limits.h> exists even on freestanding compilers.  */
| 
| #ifdef __STDC__
| # include <limits.h>
| #else
| # include <assert.h>
| #endif
| 
| #undef strlcat
| 
| /* Override any GCC internal prototype to avoid an error.
|    Use char because int might match the return type of a GCC
|    builtin and then its argument prototype would still apply.  */
| #ifdef __cplusplus
| extern "C"
| #endif
| char strlcat ();
| /* The GNU C library defines this for functions which it implements
|     to always fail with ENOSYS.  Some functions are actually named
|     something starting with __ and the normal name is an alias.  */
| #if defined __stub_strlcat || defined __stub___strlcat
| choke me
| #endif
| 
| int
| main ()
| {
| return strlcat ();
|   ;
|   return 0;
| }
configure:18614: result: no
configure:18833: checking that generated files are newer than configure
configure:18839: result: done
configure:18882: creating ./config.status

## ---------------------- ##
## Running config.status. ##
## ---------------------- ##

This file was extended by Virtual Smart Card config.status 0.8, which was
generated by GNU Autoconf 2.69.  Invocation command line was

  CONFIG_FILES    = 
  CONFIG_HEADERS  = 
  CONFIG_LINKS    = 
  CONFIG_COMMANDS = 
  $ ./config.status 

on cmel-ubuntu

config.status:1221: creating Makefile
config.status:1221: creating doc/Makefile
config.status:1221: creating doc/api/Makefile
config.status:1221: creating npa-example-data/Makefile
config.status:1221: creating npa-example-data/dh/Makefile
config.status:1221: creating npa-example-data/ecdh/Makefile
config.status:1221: creating src/Makefile
config.status:1221: creating src/pcsclite-vpcd/Makefile
config.status:1221: creating src/ifd-vpcd/Makefile
config.status:1221: creating src/vpcd/Makefile
config.status:1221: creating src/vpicc/Makefile
config.status:1221: creating src/vpcd-config/Makefile
config.status:1221: creating MacOSX/Makefile
config.status:1221: creating config.h
config.status:1402: config.h is unchanged
config.status:1450: executing depfiles commands
config.status:1450: executing libtool commands

## ---------------- ##
## Cache variables. ##
## ---------------- ##

ac_cv_build=x86_64-pc-linux-gnu
ac_cv_c_compiler_gnu=yes
ac_cv_c_uint16_t=yes
ac_cv_cxx_compiler_gnu=yes
ac_cv_env_CCC_set=
ac_cv_env_CCC_value=
ac_cv_env_CC_set=
ac_cv_env_CC_value=
ac_cv_env_CFLAGS_set=
ac_cv_env_CFLAGS_value=
ac_cv_env_CPPFLAGS_set=
ac_cv_env_CPPFLAGS_value=
ac_cv_env_CPP_set=
ac_cv_env_CPP_value=
ac_cv_env_CXXCPP_set=
ac_cv_env_CXXCPP_value=
ac_cv_env_CXXFLAGS_set=
ac_cv_env_CXXFLAGS_value=
ac_cv_env_CXX_set=
ac_cv_env_CXX_value=
ac_cv_env_HELP2MAN_set=
ac_cv_env_HELP2MAN_value=
ac_cv_env_LDFLAGS_set=
ac_cv_env_LDFLAGS_value=
ac_cv_env_LIBS_set=
ac_cv_env_LIBS_value=
ac_cv_env_LT_SYS_LIBRARY_PATH_set=
ac_cv_env_LT_SYS_LIBRARY_PATH_value=
ac_cv_env_PCSC_CFLAGS_set=
ac_cv_env_PCSC_CFLAGS_value=
ac_cv_env_PCSC_LIBS_set=
ac_cv_env_PCSC_LIBS_value=
ac_cv_env_PKG_CONFIG_LIBDIR_set=
ac_cv_env_PKG_CONFIG_LIBDIR_value=
ac_cv_env_PKG_CONFIG_PATH_set=
ac_cv_env_PKG_CONFIG_PATH_value=
ac_cv_env_PKG_CONFIG_set=
ac_cv_env_PKG_CONFIG_value=
ac_cv_env_PYTHON_set=
ac_cv_env_PYTHON_value=
ac_cv_env_QRENCODE_CFLAGS_set=
ac_cv_env_QRENCODE_CFLAGS_value=
ac_cv_env_QRENCODE_LIBS_set=
ac_cv_env_QRENCODE_LIBS_value=
ac_cv_env_build_alias_set=
ac_cv_env_build_alias_value=
ac_cv_env_host_alias_set=
ac_cv_env_host_alias_value=
ac_cv_env_target_alias_set=
ac_cv_env_target_alias_value=
ac_cv_func_malloc_0_nonnull=yes
ac_cv_func_memset=yes
ac_cv_func_select=yes
ac_cv_func_socket=yes
ac_cv_func_strlcat=no
ac_cv_func_strlcpy=no
ac_cv_have_decl_MSG_NOSIGNAL=yes
ac_cv_have_decl_SO_NOSIGPIPE=no
ac_cv_have_decl_inet_ntop=yes
ac_cv_header_arpa_inet_h=yes
ac_cv_header_debuglog_h=yes
ac_cv_header_dlfcn_h=yes
ac_cv_header_ifdhandler_h=yes
ac_cv_header_inttypes_h=yes
ac_cv_header_memory_h=yes
ac_cv_header_qrencode_h=yes
ac_cv_header_stdc=yes
ac_cv_header_stdint_h=yes
ac_cv_header_stdlib_h=yes
ac_cv_header_string_h=yes
ac_cv_header_strings_h=yes
ac_cv_header_sys_socket_h=yes
ac_cv_header_sys_stat_h=yes
ac_cv_header_sys_time_h=yes
ac_cv_header_sys_types_h=yes
ac_cv_header_syslog_h=yes
ac_cv_header_unistd_h=yes
ac_cv_host=x86_64-pc-linux-gnu
ac_cv_objext=o
ac_cv_path_EGREP='/bin/grep -E'
ac_cv_path_FGREP='/bin/grep -F'
ac_cv_path_GREP=/bin/grep
ac_cv_path_HELP2MAN=/usr/bin/help2man
ac_cv_path_PYTHON=/usr/bin/python
ac_cv_path_SED=/bin/sed
ac_cv_path_ac_pt_PKG_CONFIG=/usr/bin/pkg-config
ac_cv_path_install='/usr/bin/install -c'
ac_cv_path_lt_DD=/bin/dd
ac_cv_path_mkdir=/bin/mkdir
ac_cv_prog_AWK=mawk
ac_cv_prog_CPP='gcc -E'
ac_cv_prog_CXXCPP='g++ -E'
ac_cv_prog_ac_ct_AR=ar
ac_cv_prog_ac_ct_CC=gcc
ac_cv_prog_ac_ct_CXX=g++
ac_cv_prog_ac_ct_MANIFEST_TOOL=mt
ac_cv_prog_ac_ct_OBJDUMP=objdump
ac_cv_prog_ac_ct_RANLIB=ranlib
ac_cv_prog_ac_ct_STRIP=strip
ac_cv_prog_cc_c89=
ac_cv_prog_cc_g=yes
ac_cv_prog_cxx_g=yes
ac_cv_prog_make_make_set=yes
ac_cv_type_size_t=yes
ac_cv_type_ssize_t=yes
am_cv_CC_dependencies_compiler_type=gcc3
am_cv_CXX_dependencies_compiler_type=gcc3
am_cv_make_support_nested_variables=yes
am_cv_prog_cc_c_o=yes
am_cv_python_platform=linux2
am_cv_python_pyexecdir='${exec_prefix}/lib/python2.7/dist-packages'
am_cv_python_pythondir='${prefix}/lib/python2.7/dist-packages'
am_cv_python_version=2.7
ax_cv_PTHREAD_PRIO_INHERIT=yes
lt_cv_ar_at_file=@
lt_cv_archive_cmds_need_lc=no
lt_cv_deplibs_check_method=pass_all
lt_cv_file_magic_cmd='$MAGIC_CMD'
lt_cv_file_magic_test_file=
lt_cv_ld_reload_flag=-r
lt_cv_nm_interface='BSD nm'
lt_cv_objdir=.libs
lt_cv_path_LD=/usr/bin/ld
lt_cv_path_LDCXX='/usr/bin/ld -m elf_x86_64'
lt_cv_path_NM='/usr/bin/nm -B'
lt_cv_path_mainfest_tool=no
lt_cv_prog_compiler_c_o=yes
lt_cv_prog_compiler_c_o_CXX=yes
lt_cv_prog_compiler_pic='-fPIC -DPIC'
lt_cv_prog_compiler_pic_CXX='-fPIC -DPIC'
lt_cv_prog_compiler_pic_works=yes
lt_cv_prog_compiler_pic_works_CXX=yes
lt_cv_prog_compiler_rtti_exceptions=no
lt_cv_prog_compiler_static_works=yes
lt_cv_prog_compiler_static_works_CXX=yes
lt_cv_prog_gnu_ld=yes
lt_cv_prog_gnu_ldcxx=yes
lt_cv_sharedlib_from_linklib_cmd='printf %s\n'
lt_cv_shlibpath_overrides_runpath=no
lt_cv_sys_global_symbol_pipe='sed -n -e '\''s/^.*[	 ]\([ABCDGIRSTW][ABCDGIRSTW]*\)[	 ][	 ]*\([_A-Za-z][_A-Za-z0-9]*\)$/\1 \2 \2/p'\'' | sed '\''/ __gnu_lto/d'\'''
lt_cv_sys_global_symbol_to_c_name_address='sed -n -e '\''s/^: \(.*\) .*$/  {"\1", (void *) 0},/p'\'' -e '\''s/^[ABCDGIRSTW][ABCDGIRSTW]* .* \(.*\)$/  {"\1", (void *) \&\1},/p'\'''
lt_cv_sys_global_symbol_to_c_name_address_lib_prefix='sed -n -e '\''s/^: \(.*\) .*$/  {"\1", (void *) 0},/p'\'' -e '\''s/^[ABCDGIRSTW][ABCDGIRSTW]* .* \(lib.*\)$/  {"\1", (void *) \&\1},/p'\'' -e '\''s/^[ABCDGIRSTW][ABCDGIRSTW]* .* \(.*\)$/  {"lib\1", (void *) \&\1},/p'\'''
lt_cv_sys_global_symbol_to_cdecl='sed -n -e '\''s/^T .* \(.*\)$/extern int \1();/p'\'' -e '\''s/^[ABCDGIRSTW][ABCDGIRSTW]* .* \(.*\)$/extern char \1;/p'\'''
lt_cv_sys_global_symbol_to_import=
lt_cv_sys_max_cmd_len=1572864
lt_cv_to_host_file_cmd=func_convert_file_noop
lt_cv_to_tool_file_cmd=func_convert_file_noop
lt_cv_truncate_bin='/bin/dd bs=4096 count=1'
pkg_cv_PCSC_CFLAGS='-pthread -I/usr/include/PCSC'
pkg_cv_PCSC_LIBS=-lpcsclite
pkg_cv_QRENCODE_CFLAGS=-I/usr/local/include
pkg_cv_QRENCODE_LIBS='-L/usr/local/lib -lqrencode'

## ----------------- ##
## Output variables. ##
## ----------------- ##

ACLOCAL='${SHELL} /home/cmel/Project/virtualsmartcard-0.8/missing aclocal-1.15'
AMDEPBACKSLASH='\'
AMDEP_FALSE='#'
AMDEP_TRUE=''
AMTAR='$${TAR-tar}'
AM_BACKSLASH='\'
AM_DEFAULT_V='$(AM_DEFAULT_VERBOSITY)'
AM_DEFAULT_VERBOSITY='0'
AM_V='$(V)'
AR='ar'
AS='as'
AUTOCONF='${SHELL} /home/cmel/Project/virtualsmartcard-0.8/missing autoconf'
AUTOHEADER='${SHELL} /home/cmel/Project/virtualsmartcard-0.8/missing autoheader'
AUTOMAKE='${SHELL} /home/cmel/Project/virtualsmartcard-0.8/missing automake-1.15'
AWK='mawk'
BUILD_INFOPLIST_FALSE=''
BUILD_INFOPLIST_TRUE='#'
BUILD_LIBPCSCLITE_FALSE=''
BUILD_LIBPCSCLITE_TRUE='#'
BUNDLE_HOST='Linux'
CC='gcc'
CCDEPMODE='depmode=gcc3'
CFLAGS='-g -O2'
CPP='gcc -E'
CPPFLAGS=''
CXX='g++'
CXXCPP='g++ -E'
CXXDEPMODE='depmode=gcc3'
CXXFLAGS='-g -O2'
CYGPATH_W='echo'
DEFS='-DHAVE_CONFIG_H'
DEPDIR='.deps'
DLLTOOL='false'
DSYMUTIL=''
DUMPBIN=''
DYN_LIB_EXT='so'
ECHO_C=''
ECHO_N='-n'
ECHO_T=''
EGREP='/bin/grep -E'
EXEEXT=''
FGREP='/bin/grep -F'
GREP='/bin/grep'
HELP2MAN='/usr/bin/help2man'
INSTALL_DATA='${INSTALL} -m 644'
INSTALL_PROGRAM='${INSTALL}'
INSTALL_SCRIPT='${INSTALL}'
INSTALL_STRIP_PROGRAM='$(install_sh) -c -s'
LD='/usr/bin/ld -m elf_x86_64'
LDFLAGS=''
LIBOBJS=''
LIBS=''
LIBTOOL='$(SHELL) $(top_builddir)/libtool'
LIB_PREFIX='lib'
LIPO=''
LN_S='ln -s'
LTLIBOBJS=''
LT_SYS_LIBRARY_PATH=''
MAKEINFO='${SHELL} /home/cmel/Project/virtualsmartcard-0.8/missing makeinfo'
MANIFEST_TOOL=':'
MKDIR_P='/bin/mkdir -p'
NM='/usr/bin/nm -B'
NMEDIT=''
OBJDUMP='objdump'
OBJEXT='o'
OTOOL64=''
OTOOL=''
PACKAGE='virtualsmartcard'
PACKAGE_BUGREPORT='https://github.com/frankmorgner/vsmartcard/issues'
PACKAGE_NAME='Virtual Smart Card'
PACKAGE_STRING='Virtual Smart Card 0.8'
PACKAGE_SUMMARY='Smart card emulator written in Python'
PACKAGE_TARNAME='virtualsmartcard'
PACKAGE_URL='http://frankmorgner.github.io/vsmartcard/virtualsmartcard/README.html'
PACKAGE_VERSION='0.8'
PATH_SEPARATOR=':'
PCSC_CFLAGS='-pthread -I/usr/include/PCSC'
PCSC_LIBS='-lpcsclite'
PKG_CONFIG='/usr/bin/pkg-config'
PKG_CONFIG_LIBDIR=''
PKG_CONFIG_PATH=''
PTHREAD_CC='gcc'
PTHREAD_CFLAGS='-pthread'
PTHREAD_LIBS=''
PYTHON='/usr/bin/python'
PYTHON_EXEC_PREFIX='${exec_prefix}'
PYTHON_PLATFORM='linux2'
PYTHON_PREFIX='${prefix}'
PYTHON_VERSION='2.7'
QRENCODE_CFLAGS='-I/usr/local/include'
QRENCODE_LIBS='-L/usr/local/lib -lqrencode'
RANLIB='ranlib'
SED='/bin/sed'
SET_MAKE=''
SHELL='/bin/bash'
STRIP='strip'
VERSION='0.8'
WIN32_FALSE=''
WIN32_TRUE='#'
ac_ct_AR='ar'
ac_ct_CC='gcc'
ac_ct_CXX='g++'
ac_ct_DUMPBIN=''
am__EXEEXT_FALSE=''
am__EXEEXT_TRUE='#'
am__fastdepCC_FALSE='#'
am__fastdepCC_TRUE=''
am__fastdepCXX_FALSE='#'
am__fastdepCXX_TRUE=''
am__include='include'
am__isrc=''
am__leading_dot='.'
am__nodep='_no'
am__quote=''
am__tar='$${TAR-tar} chof - "$$tardir"'
am__untar='$${TAR-tar} xf -'
ax_pthread_config=''
bindir='${exec_prefix}/bin'
build='x86_64-pc-linux-gnu'
build_alias=''
build_cpu='x86_64'
build_os='linux-gnu'
build_vendor='pc'
datadir='${datarootdir}'
datarootdir='${prefix}/share'
docdir='${datarootdir}/doc/${PACKAGE_TARNAME}'
dvidir='${docdir}'
exec_prefix='${prefix}'
host='x86_64-pc-linux-gnu'
host_alias=''
host_cpu='x86_64'
host_os='linux-gnu'
host_vendor='pc'
htmldir='${docdir}'
includedir='${prefix}/include'
infodir='${datarootdir}/info'
install_sh='${SHELL} /home/cmel/Project/virtualsmartcard-0.8/install-sh'
libdir='${exec_prefix}/lib'
libexecdir='${exec_prefix}/libexec'
localedir='${datarootdir}/locale'
localstatedir='${prefix}/var'
mandir='${datarootdir}/man'
mkdir_p='$(MKDIR_P)'
oldincludedir='/usr/include'
pdfdir='${docdir}'
pkgpyexecdir='${pyexecdir}/virtualsmartcard'
pkgpythondir='${pythondir}/virtualsmartcard'
prefix='/usr/local'
program_transform_name='s,x,x,'
psdir='${docdir}'
pyexecdir='${exec_prefix}/lib/python2.7/dist-packages'
pythondir='${prefix}/lib/python2.7/dist-packages'
runstatedir='${localstatedir}/run'
sbindir='${exec_prefix}/sbin'
serialconfdir='/etc/reader.conf.d'
serialdropdir='/usr/lib/pcsc/drivers/serial'
sharedstatedir='${prefix}/com'
sysconfdir='/etc'
target_alias=''
vpcdhost='/dev/null'
vpcdslots='2'

## ----------- ##
## confdefs.h. ##
## ----------- ##

/* confdefs.h */
#define PACKAGE_NAME "Virtual Smart Card"
#define PACKAGE_TARNAME "virtualsmartcard"
#define PACKAGE_VERSION "0.8"
#define PACKAGE_STRING "Virtual Smart Card 0.8"
#define PACKAGE_BUGREPORT "https://github.com/frankmorgner/vsmartcard/issues"
#define PACKAGE_URL "http://frankmorgner.github.io/vsmartcard/virtualsmartcard/README.html"
#define PACKAGE "virtualsmartcard"
#define VERSION "0.8"
#define STDC_HEADERS 1
#define HAVE_SYS_TYPES_H 1
#define HAVE_SYS_STAT_H 1
#define HAVE_STDLIB_H 1
#define HAVE_STRING_H 1
#define HAVE_MEMORY_H 1
#define HAVE_STRINGS_H 1
#define HAVE_INTTYPES_H 1
#define HAVE_STDINT_H 1
#define HAVE_UNISTD_H 1
#define HAVE_DLFCN_H 1
#define LT_OBJDIR ".libs/"
#define HAVE_PTHREAD_PRIO_INHERIT 1
#define HAVE_PTHREAD 1
#define HAVE_IFDHANDLER_H 1
#define HAVE_DEBUGLOG_H 1
#define VPCDHOST NULL
#define VPCDSLOTS 2
#define HAVE_QRENCODE_H 1
#define HAVE_QRENCODE 1
#define HAVE_ARPA_INET_H 1
#define HAVE_STDINT_H 1
#define HAVE_STDLIB_H 1
#define HAVE_STRING_H 1
#define HAVE_SYS_SOCKET_H 1
#define HAVE_SYS_TIME_H 1
#define HAVE_UNISTD_H 1
#define HAVE_SYSLOG_H 1
#define HAVE_DECL_SO_NOSIGPIPE 0
#define HAVE_DECL_MSG_NOSIGNAL 1
#define HAVE_DECL_INET_NTOP 1
#define HAVE_STDLIB_H 1
#define HAVE_MALLOC 1
#define HAVE_MEMSET 1
#define HAVE_SELECT 1
#define HAVE_SOCKET 1

configure: exit 0
