This file contains any messages produced by compilers while
running configure, to aid debugging if configure makes a mistake.

It was created by Virtual Smart Card configure 0.7, which was
generated by GNU Autoconf 2.69.  Invocation command line was

  $ ./configure --sysconfdir=/etc

## --------- ##
## Platform. ##
## --------- ##

hostname = cmel-ubuntu
uname -m = x86_64
uname -r = 4.10.0-28-generic
uname -s = Linux
uname -v = #32~16.04.2-Ubuntu SMP Thu Jul 20 10:19:48 UTC 2017

/usr/bin/uname -p = unknown
/bin/uname -X     = unknown

/bin/arch              = unknown
/usr/bin/arch -k       = unknown
/usr/convex/getsysinfo = unknown
/usr/bin/hostinfo      = unknown
/bin/machine           = unknown
/usr/bin/oslevel       = unknown
/bin/universe          = unknown

PATH: /home/cmel/bin
PATH: /home/cmel/.local/bin
PATH: /usr/local/sbin
PATH: /usr/local/bin
PATH: /usr/sbin
PATH: /usr/bin
PATH: /sbin
PATH: /bin
PATH: /usr/games
PATH: /usr/local/games
PATH: /snap/bin


## ----------- ##
## Core tests. ##
## ----------- ##

configure:2638: checking for a BSD-compatible install
configure:2706: result: /usr/bin/install -c
configure:2717: checking whether build environment is sane
configure:2772: result: yes
configure:2923: checking for a thread-safe mkdir -p
configure:2962: result: /bin/mkdir -p
configure:2969: checking for gawk
configure:2999: result: no
configure:2969: checking for mawk
configure:2985: found /usr/bin/mawk
configure:2996: result: mawk
configure:3007: checking whether make sets $(MAKE)
configure:3029: result: yes
configure:3058: checking whether make supports nested variables
configure:3075: result: yes
configure:3232: checking build system type
configure:3246: result: x86_64-unknown-linux-gnu
configure:3266: checking host system type
configure:3279: result: x86_64-unknown-linux-gnu
configure:3320: checking how to print strings
configure:3347: result: printf
configure:3380: checking for style of include used by make
configure:3408: result: GNU
configure:3479: checking for gcc
configure:3495: found /usr/bin/gcc
configure:3506: result: gcc
configure:3735: checking for C compiler version
configure:3744: gcc --version >&5
gcc (Ubuntu 5.4.0-6ubuntu1~16.04.4) 5.4.0 20160609
Copyright (C) 2015 Free Software Foundation, Inc.
This is free software; see the source for copying conditions.  There is NO
warranty; not even for MERCHANTABILITY or FITNESS FOR A PARTICULAR PURPOSE.

configure:3755: $? = 0
configure:3744: gcc -v >&5
Using built-in specs.
COLLECT_GCC=gcc
COLLECT_LTO_WRAPPER=/usr/lib/gcc/x86_64-linux-gnu/5/lto-wrapper
Target: x86_64-linux-gnu
Configured with: ../src/configure -v --with-pkgversion='Ubuntu 5.4.0-6ubuntu1~16.04.4' --with-bugurl=file:///usr/share/doc/gcc-5/README.Bugs --enable-languages=c,ada,c++,java,go,d,fortran,objc,obj-c++ --prefix=/usr --program-suffix=-5 --enable-shared --enable-linker-build-id --libexecdir=/usr/lib --without-included-gettext --enable-threads=posix --libdir=/usr/lib --enable-nls --with-sysroot=/ --enable-clocale=gnu --enable-libstdcxx-debug --enable-libstdcxx-time=yes --with-default-libstdcxx-abi=new --enable-gnu-unique-object --disable-vtable-verify --enable-libmpx --enable-plugin --with-system-zlib --disable-browser-plugin --enable-java-awt=gtk --enable-gtk-cairo --with-java-home=/usr/lib/jvm/java-1.5.0-gcj-5-amd64/jre --enable-java-home --with-jvm-root-dir=/usr/lib/jvm/java-1.5.0-gcj-5-amd64 --with-jvm-jar-dir=/usr/lib/jvm-exports/java-1.5.0-gcj-5-amd64 --with-arch-directory=amd64 --with-ecj-jar=/usr/share/java/eclipse-ecj.jar --enable-objc-gc --enable-multiarch --disable-werror --with-arch-32=i686 --with-abi=m64 --with-multilib-list=m32,m64,mx32 --enable-multilib --with-tune=generic --enable-checking=release --build=x86_64-linux-gnu --host=x86_64-linux-gnu --target=x86_64-linux-gnu
Thread model: posix
gcc version 5.4.0 20160609 (Ubuntu 5.4.0-6ubuntu1~16.04.4) 
configure:3755: $? = 0
configure:3744: gcc -V >&5
gcc: error: unrecognized command line option '-V'
gcc: fatal error: no input files
compilation terminated.
configure:3755: $? = 1
configure:3744: gcc -qversion >&5
gcc: error: unrecognized command line option '-qversion'
gcc: fatal error: no input files
compilation terminated.
configure:3755: $? = 1
configure:3775: checking whether the C compiler works
configure:3797: gcc    conftest.c  >&5
configure:3801: $? = 0
configure:3849: result: yes
configure:3852: checking for C compiler default output file name
configure:3854: result: a.out
configure:3860: checking for suffix of executables
configure:3867: gcc -o conftest    conftest.c  >&5
configure:3871: $? = 0
configure:3893: result: 
configure:3915: checking whether we are cross compiling
configure:3923: gcc -o conftest    conftest.c  >&5
configure:3927: $? = 0
configure:3934: ./conftest
configure:3938: $? = 0
configure:3953: result: no
configure:3958: checking for suffix of object files
configure:3980: gcc -c   conftest.c >&5
configure:3984: $? = 0
configure:4005: result: o
configure:4009: checking whether we are using the GNU C compiler
configure:4028: gcc -c   conftest.c >&5
configure:4028: $? = 0
configure:4037: result: yes
configure:4046: checking whether gcc accepts -g
configure:4066: gcc -c -g  conftest.c >&5
configure:4066: $? = 0
configure:4107: result: yes
configure:4124: checking for gcc option to accept ISO C89
configure:4187: gcc  -c -g -O2  conftest.c >&5
configure:4187: $? = 0
configure:4200: result: none needed
configure:4225: checking whether gcc understands -c and -o together
configure:4247: gcc -c conftest.c -o conftest2.o
configure:4250: $? = 0
configure:4247: gcc -c conftest.c -o conftest2.o
configure:4250: $? = 0
configure:4262: result: yes
configure:4281: checking dependency style of gcc
configure:4392: result: gcc3
configure:4407: checking for a sed that does not truncate output
configure:4471: result: /bin/sed
configure:4489: checking for grep that handles long lines and -e
configure:4547: result: /bin/grep
configure:4552: checking for egrep
configure:4614: result: /bin/grep -E
configure:4619: checking for fgrep
configure:4681: result: /bin/grep -F
configure:4716: checking for ld used by gcc
configure:4783: result: /usr/bin/ld
configure:4790: checking if the linker (/usr/bin/ld) is GNU ld
configure:4805: result: yes
configure:4817: checking for BSD- or MS-compatible name lister (nm)
configure:4871: result: /usr/bin/nm -B
configure:5001: checking the name lister (/usr/bin/nm -B) interface
configure:5008: gcc -c -g -O2  conftest.c >&5
configure:5011: /usr/bin/nm -B "conftest.o"
configure:5014: output
0000000000000000 B some_variable
configure:5021: result: BSD nm
configure:5024: checking whether ln -s works
configure:5028: result: yes
configure:5036: checking the maximum length of command line arguments
configure:5167: result: 1572864
configure:5215: checking how to convert x86_64-unknown-linux-gnu file names to x86_64-unknown-linux-gnu format
configure:5255: result: func_convert_file_noop
configure:5262: checking how to convert x86_64-unknown-linux-gnu file names to toolchain format
configure:5282: result: func_convert_file_noop
configure:5289: checking for /usr/bin/ld option to reload object files
configure:5296: result: -r
configure:5370: checking for objdump
configure:5386: found /usr/bin/objdump
configure:5397: result: objdump
configure:5426: checking how to recognize dependent libraries
configure:5626: result: pass_all
configure:5711: checking for dlltool
configure:5741: result: no
configure:5768: checking how to associate runtime and link libraries
configure:5795: result: printf %s\n
configure:5856: checking for ar
configure:5872: found /usr/bin/ar
configure:5883: result: ar
configure:5920: checking for archiver @FILE support
configure:5937: gcc -c -g -O2  conftest.c >&5
configure:5937: $? = 0
configure:5940: ar cru libconftest.a @conftest.lst >&5
ar: `u' modifier ignored since `D' is the default (see `U')
configure:5943: $? = 0
configure:5948: ar cru libconftest.a @conftest.lst >&5
ar: `u' modifier ignored since `D' is the default (see `U')
ar: conftest.o: No such file or directory
configure:5951: $? = 1
configure:5963: result: @
configure:6021: checking for strip
configure:6037: found /usr/bin/strip
configure:6048: result: strip
configure:6120: checking for ranlib
configure:6136: found /usr/bin/ranlib
configure:6147: result: ranlib
configure:6249: checking command to parse /usr/bin/nm -B output from gcc object
configure:6402: gcc -c -g -O2  conftest.c >&5
configure:6405: $? = 0
configure:6409: /usr/bin/nm -B conftest.o \| sed -n -e 's/^.*[ ]\([ABCDGIRSTW][ABCDGIRSTW]*\)[ ][ ]*\([_A-Za-z][_A-Za-z0-9]*\)$/\1 \2 \2/p' | sed '/ __gnu_lto/d' \> conftest.nm
configure:6412: $? = 0
configure:6478: gcc -o conftest -g -O2   conftest.c conftstm.o >&5
configure:6481: $? = 0
configure:6519: result: ok
configure:6566: checking for sysroot
configure:6596: result: no
configure:6603: checking for a working dd
configure:6641: result: /bin/dd
configure:6645: checking how to truncate binary pipes
configure:6660: result: /bin/dd bs=4096 count=1
configure:6796: gcc -c -g -O2  conftest.c >&5
configure:6799: $? = 0
configure:6989: checking for mt
configure:7005: found /bin/mt
configure:7016: result: mt
configure:7039: checking if mt is a manifest tool
configure:7045: mt '-?'
configure:7053: result: no
configure:7730: checking how to run the C preprocessor
configure:7761: gcc -E  conftest.c
configure:7761: $? = 0
configure:7775: gcc -E  conftest.c
conftest.c:11:28: fatal error: ac_nonexistent.h: No such file or directory
compilation terminated.
configure:7775: $? = 1
configure: failed program was:
| /* confdefs.h */
| #define PACKAGE_NAME "Virtual Smart Card"
| #define PACKAGE_TARNAME "virtualsmartcard"
| #define PACKAGE_VERSION "0.7"
| #define PACKAGE_STRING "Virtual Smart Card 0.7"
| #define PACKAGE_BUGREPORT "https://github.com/frankmorgner/vsmartcard/issues"
| #define PACKAGE_URL "http://frankmorgner.github.io/vsmartcard/virtualsmartcard/README.html"
| #define PACKAGE "virtualsmartcard"
| #define VERSION "0.7"
| /* end confdefs.h.  */
| #include <ac_nonexistent.h>
configure:7800: result: gcc -E
configure:7820: gcc -E  conftest.c
configure:7820: $? = 0
configure:7834: gcc -E  conftest.c
conftest.c:11:28: fatal error: ac_nonexistent.h: No such file or directory
compilation terminated.
configure:7834: $? = 1
configure: failed program was:
| /* confdefs.h */
| #define PACKAGE_NAME "Virtual Smart Card"
| #define PACKAGE_TARNAME "virtualsmartcard"
| #define PACKAGE_VERSION "0.7"
| #define PACKAGE_STRING "Virtual Smart Card 0.7"
| #define PACKAGE_BUGREPORT "https://github.com/frankmorgner/vsmartcard/issues"
| #define PACKAGE_URL "http://frankmorgner.github.io/vsmartcard/virtualsmartcard/README.html"
| #define PACKAGE "virtualsmartcard"
| #define VERSION "0.7"
| /* end confdefs.h.  */
| #include <ac_nonexistent.h>
configure:7863: checking for ANSI C header files
configure:7883: gcc -c -g -O2  conftest.c >&5
configure:7883: $? = 0
configure:7956: gcc -o conftest -g -O2   conftest.c  >&5
configure:7956: $? = 0
configure:7956: ./conftest
configure:7956: $? = 0
configure:7967: result: yes
configure:7980: checking for sys/types.h
configure:7980: gcc -c -g -O2  conftest.c >&5
configure:7980: $? = 0
configure:7980: result: yes
configure:7980: checking for sys/stat.h
configure:7980: gcc -c -g -O2  conftest.c >&5
configure:7980: $? = 0
configure:7980: result: yes
configure:7980: checking for stdlib.h
configure:7980: gcc -c -g -O2  conftest.c >&5
configure:7980: $? = 0
configure:7980: result: yes
configure:7980: checking for string.h
configure:7980: gcc -c -g -O2  conftest.c >&5
configure:7980: $? = 0
configure:7980: result: yes
configure:7980: checking for memory.h
configure:7980: gcc -c -g -O2  conftest.c >&5
configure:7980: $? = 0
configure:7980: result: yes
configure:7980: checking for strings.h
configure:7980: gcc -c -g -O2  conftest.c >&5
configure:7980: $? = 0
configure:7980: result: yes
configure:7980: checking for inttypes.h
configure:7980: gcc -c -g -O2  conftest.c >&5
configure:7980: $? = 0
configure:7980: result: yes
configure:7980: checking for stdint.h
configure:7980: gcc -c -g -O2  conftest.c >&5
configure:7980: $? = 0
configure:7980: result: yes
configure:7980: checking for unistd.h
configure:7980: gcc -c -g -O2  conftest.c >&5
configure:7980: $? = 0
configure:7980: result: yes
configure:7994: checking for dlfcn.h
configure:7994: gcc -c -g -O2  conftest.c >&5
configure:7994: $? = 0
configure:7994: result: yes
configure:8548: checking for objdir
configure:8563: result: .libs
configure:8827: checking if gcc supports -fno-rtti -fno-exceptions
configure:8845: gcc -c -g -O2  -fno-rtti -fno-exceptions conftest.c >&5
cc1: warning: command line option '-fno-rtti' is valid for C++/ObjC++ but not for C
configure:8849: $? = 0
configure:8862: result: no
configure:9220: checking for gcc option to produce PIC
configure:9227: result: -fPIC -DPIC
configure:9235: checking if gcc PIC flag -fPIC -DPIC works
configure:9253: gcc -c -g -O2  -fPIC -DPIC -DPIC conftest.c >&5
configure:9257: $? = 0
configure:9270: result: yes
configure:9299: checking if gcc static flag -static works
configure:9327: result: yes
configure:9342: checking if gcc supports -c -o file.o
configure:9363: gcc -c -g -O2  -o out/conftest2.o conftest.c >&5
configure:9367: $? = 0
configure:9389: result: yes
configure:9397: checking if gcc supports -c -o file.o
configure:9444: result: yes
configure:9477: checking whether the gcc linker (/usr/bin/ld -m elf_x86_64) supports shared libraries
configure:10740: result: yes
configure:10777: checking whether -lc should be explicitly linked in
configure:10785: gcc -c -g -O2  conftest.c >&5
configure:10788: $? = 0
configure:10803: gcc -shared  -fPIC -DPIC conftest.o  -v -Wl,-soname -Wl,conftest -o conftest 2\>\&1 \| /bin/grep  -lc  \>/dev/null 2\>\&1
configure:10806: $? = 0
configure:10820: result: no
configure:10980: checking dynamic linker characteristics
configure:11561: gcc -o conftest -g -O2   -Wl,-rpath -Wl,/foo conftest.c  >&5
configure:11561: $? = 0
configure:11810: result: GNU/Linux ld.so
configure:11932: checking how to hardcode library paths into programs
configure:11957: result: immediate
configure:12505: checking whether stripping libraries is possible
configure:12510: result: yes
configure:12545: checking if libtool supports shared libraries
configure:12547: result: yes
configure:12550: checking whether to build shared libraries
configure:12575: result: yes
configure:12578: checking whether to build static libraries
configure:12582: result: yes
configure:12670: checking for gcc
configure:12697: result: gcc
configure:12926: checking for C compiler version
configure:12935: gcc --version >&5
gcc (Ubuntu 5.4.0-6ubuntu1~16.04.4) 5.4.0 20160609
Copyright (C) 2015 Free Software Foundation, Inc.
This is free software; see the source for copying conditions.  There is NO
warranty; not even for MERCHANTABILITY or FITNESS FOR A PARTICULAR PURPOSE.

configure:12946: $? = 0
configure:12935: gcc -v >&5
Using built-in specs.
COLLECT_GCC=gcc
COLLECT_LTO_WRAPPER=/usr/lib/gcc/x86_64-linux-gnu/5/lto-wrapper
Target: x86_64-linux-gnu
Configured with: ../src/configure -v --with-pkgversion='Ubuntu 5.4.0-6ubuntu1~16.04.4' --with-bugurl=file:///usr/share/doc/gcc-5/README.Bugs --enable-languages=c,ada,c++,java,go,d,fortran,objc,obj-c++ --prefix=/usr --program-suffix=-5 --enable-shared --enable-linker-build-id --libexecdir=/usr/lib --without-included-gettext --enable-threads=posix --libdir=/usr/lib --enable-nls --with-sysroot=/ --enable-clocale=gnu --enable-libstdcxx-debug --enable-libstdcxx-time=yes --with-default-libstdcxx-abi=new --enable-gnu-unique-object --disable-vtable-verify --enable-libmpx --enable-plugin --with-system-zlib --disable-browser-plugin --enable-java-awt=gtk --enable-gtk-cairo --with-java-home=/usr/lib/jvm/java-1.5.0-gcj-5-amd64/jre --enable-java-home --with-jvm-root-dir=/usr/lib/jvm/java-1.5.0-gcj-5-amd64 --with-jvm-jar-dir=/usr/lib/jvm-exports/java-1.5.0-gcj-5-amd64 --with-arch-directory=amd64 --with-ecj-jar=/usr/share/java/eclipse-ecj.jar --enable-objc-gc --enable-multiarch --disable-werror --with-arch-32=i686 --with-abi=m64 --with-multilib-list=m32,m64,mx32 --enable-multilib --with-tune=generic --enable-checking=release --build=x86_64-linux-gnu --host=x86_64-linux-gnu --target=x86_64-linux-gnu
Thread model: posix
gcc version 5.4.0 20160609 (Ubuntu 5.4.0-6ubuntu1~16.04.4) 
configure:12946: $? = 0
configure:12935: gcc -V >&5
gcc: error: unrecognized command line option '-V'
gcc: fatal error: no input files
compilation terminated.
configure:12946: $? = 1
configure:12935: gcc -qversion >&5
gcc: error: unrecognized command line option '-qversion'
gcc: fatal error: no input files
compilation terminated.
configure:12946: $? = 1
configure:12950: checking whether we are using the GNU C compiler
configure:12978: result: yes
configure:12987: checking whether gcc accepts -g
configure:13048: result: yes
configure:13065: checking for gcc option to accept ISO C89
configure:13141: result: none needed
configure:13166: checking whether gcc understands -c and -o together
configure:13203: result: yes
configure:13222: checking dependency style of gcc
configure:13333: result: gcc3
configure:13350: checking whether ln -s works
configure:13354: result: yes
configure:13361: checking for a sed that does not truncate output
configure:13425: result: /bin/sed
configure:13442: checking for python
configure:13460: found /usr/bin/python
configure:13472: result: /usr/bin/python
configure:13493: checking for python version
configure:13500: result: 2.7
configure:13512: checking for python platform
configure:13519: result: linux2
configure:13545: checking for python script directory
configure:13580: result: ${prefix}/lib/python2.7/dist-packages
configure:13589: checking for python extension module directory
configure:13624: result: ${exec_prefix}/lib/python2.7/dist-packages
configure:13695: checking for g++
configure:13711: found /usr/bin/g++
configure:13722: result: g++
configure:13749: checking for C++ compiler version
configure:13758: g++ --version >&5
g++ (Ubuntu 5.4.0-6ubuntu1~16.04.4) 5.4.0 20160609
Copyright (C) 2015 Free Software Foundation, Inc.
This is free software; see the source for copying conditions.  There is NO
warranty; not even for MERCHANTABILITY or FITNESS FOR A PARTICULAR PURPOSE.

configure:13769: $? = 0
configure:13758: g++ -v >&5
Using built-in specs.
COLLECT_GCC=g++
COLLECT_LTO_WRAPPER=/usr/lib/gcc/x86_64-linux-gnu/5/lto-wrapper
Target: x86_64-linux-gnu
Configured with: ../src/configure -v --with-pkgversion='Ubuntu 5.4.0-6ubuntu1~16.04.4' --with-bugurl=file:///usr/share/doc/gcc-5/README.Bugs --enable-languages=c,ada,c++,java,go,d,fortran,objc,obj-c++ --prefix=/usr --program-suffix=-5 --enable-shared --enable-linker-build-id --libexecdir=/usr/lib --without-included-gettext --enable-threads=posix --libdir=/usr/lib --enable-nls --with-sysroot=/ --enable-clocale=gnu --enable-libstdcxx-debug --enable-libstdcxx-time=yes --with-default-libstdcxx-abi=new --enable-gnu-unique-object --disable-vtable-verify --enable-libmpx --enable-plugin --with-system-zlib --disable-browser-plugin --enable-java-awt=gtk --enable-gtk-cairo --with-java-home=/usr/lib/jvm/java-1.5.0-gcj-5-amd64/jre --enable-java-home --with-jvm-root-dir=/usr/lib/jvm/java-1.5.0-gcj-5-amd64 --with-jvm-jar-dir=/usr/lib/jvm-exports/java-1.5.0-gcj-5-amd64 --with-arch-directory=amd64 --with-ecj-jar=/usr/share/java/eclipse-ecj.jar --enable-objc-gc --enable-multiarch --disable-werror --with-arch-32=i686 --with-abi=m64 --with-multilib-list=m32,m64,mx32 --enable-multilib --with-tune=generic --enable-checking=release --build=x86_64-linux-gnu --host=x86_64-linux-gnu --target=x86_64-linux-gnu
Thread model: posix
gcc version 5.4.0 20160609 (Ubuntu 5.4.0-6ubuntu1~16.04.4) 
configure:13769: $? = 0
configure:13758: g++ -V >&5
g++: error: unrecognized command line option '-V'
g++: fatal error: no input files
compilation terminated.
configure:13769: $? = 1
configure:13758: g++ -qversion >&5
g++: error: unrecognized command line option '-qversion'
g++: fatal error: no input files
compilation terminated.
configure:13769: $? = 1
configure:13773: checking whether we are using the GNU C++ compiler
configure:13792: g++ -c   conftest.cpp >&5
configure:13792: $? = 0
configure:13801: result: yes
configure:13810: checking whether g++ accepts -g
configure:13830: g++ -c -g  conftest.cpp >&5
configure:13830: $? = 0
configure:13871: result: yes
configure:13896: checking dependency style of g++
configure:14007: result: gcc3
configure:14040: checking how to run the C++ preprocessor
configure:14067: g++ -E  conftest.cpp
configure:14067: $? = 0
configure:14081: g++ -E  conftest.cpp
conftest.cpp:23:28: fatal error: ac_nonexistent.h: No such file or directory
compilation terminated.
configure:14081: $? = 1
configure: failed program was:
| /* confdefs.h */
| #define PACKAGE_NAME "Virtual Smart Card"
| #define PACKAGE_TARNAME "virtualsmartcard"
| #define PACKAGE_VERSION "0.7"
| #define PACKAGE_STRING "Virtual Smart Card 0.7"
| #define PACKAGE_BUGREPORT "https://github.com/frankmorgner/vsmartcard/issues"
| #define PACKAGE_URL "http://frankmorgner.github.io/vsmartcard/virtualsmartcard/README.html"
| #define PACKAGE "virtualsmartcard"
| #define VERSION "0.7"
| #define STDC_HEADERS 1
| #define HAVE_SYS_TYPES_H 1
| #define HAVE_SYS_STAT_H 1
| #define HAVE_STDLIB_H 1
| #define HAVE_STRING_H 1
| #define HAVE_MEMORY_H 1
| #define HAVE_STRINGS_H 1
| #define HAVE_INTTYPES_H 1
| #define HAVE_STDINT_H 1
| #define HAVE_UNISTD_H 1
| #define HAVE_DLFCN_H 1
| #define LT_OBJDIR ".libs/"
| /* end confdefs.h.  */
| #include <ac_nonexistent.h>
configure:14106: result: g++ -E
configure:14126: g++ -E  conftest.cpp
configure:14126: $? = 0
configure:14140: g++ -E  conftest.cpp
conftest.cpp:23:28: fatal error: ac_nonexistent.h: No such file or directory
compilation terminated.
configure:14140: $? = 1
configure: failed program was:
| /* confdefs.h */
| #define PACKAGE_NAME "Virtual Smart Card"
| #define PACKAGE_TARNAME "virtualsmartcard"
| #define PACKAGE_VERSION "0.7"
| #define PACKAGE_STRING "Virtual Smart Card 0.7"
| #define PACKAGE_BUGREPORT "https://github.com/frankmorgner/vsmartcard/issues"
| #define PACKAGE_URL "http://frankmorgner.github.io/vsmartcard/virtualsmartcard/README.html"
| #define PACKAGE "virtualsmartcard"
| #define VERSION "0.7"
| #define STDC_HEADERS 1
| #define HAVE_SYS_TYPES_H 1
| #define HAVE_SYS_STAT_H 1
| #define HAVE_STDLIB_H 1
| #define HAVE_STRING_H 1
| #define HAVE_MEMORY_H 1
| #define HAVE_STRINGS_H 1
| #define HAVE_INTTYPES_H 1
| #define HAVE_STDINT_H 1
| #define HAVE_UNISTD_H 1
| #define HAVE_DLFCN_H 1
| #define LT_OBJDIR ".libs/"
| /* end confdefs.h.  */
| #include <ac_nonexistent.h>
configure:14302: checking for ld used by g++
configure:14369: result: /usr/bin/ld -m elf_x86_64
configure:14376: checking if the linker (/usr/bin/ld -m elf_x86_64) is GNU ld
configure:14391: result: yes
configure:14446: checking whether the g++ linker (/usr/bin/ld -m elf_x86_64) supports shared libraries
configure:15519: result: yes
configure:15555: g++ -c -g -O2  conftest.cpp >&5
configure:15558: $? = 0
configure:16039: checking for g++ option to produce PIC
configure:16046: result: -fPIC -DPIC
configure:16054: checking if g++ PIC flag -fPIC -DPIC works
configure:16072: g++ -c -g -O2  -fPIC -DPIC -DPIC conftest.cpp >&5
configure:16076: $? = 0
configure:16089: result: yes
configure:16112: checking if g++ static flag -static works
configure:16140: result: yes
configure:16152: checking if g++ supports -c -o file.o
configure:16173: g++ -c -g -O2  -o out/conftest2.o conftest.cpp >&5
configure:16177: $? = 0
configure:16199: result: yes
configure:16204: checking if g++ supports -c -o file.o
configure:16251: result: yes
configure:16281: checking whether the g++ linker (/usr/bin/ld -m elf_x86_64) supports shared libraries
configure:16324: result: yes
configure:16465: checking dynamic linker characteristics
configure:17222: result: GNU/Linux ld.so
configure:17287: checking how to hardcode library paths into programs
configure:17312: result: immediate
configure:17407: checking for pkg-config
configure:17425: found /usr/bin/pkg-config
configure:17437: result: /usr/bin/pkg-config
configure:17462: checking pkg-config is at least version 0.9.0
configure:17465: result: yes
configure:17641: checking for the pthreads library -lpthreads
configure:17679: gcc -o conftest -g -O2    conftest.c -lpthreads  >&5
/usr/bin/ld: cannot find -lpthreads
collect2: error: ld returned 1 exit status
configure:17679: $? = 1
configure: failed program was:
| /* confdefs.h */
| #define PACKAGE_NAME "Virtual Smart Card"
| #define PACKAGE_TARNAME "virtualsmartcard"
| #define PACKAGE_VERSION "0.7"
| #define PACKAGE_STRING "Virtual Smart Card 0.7"
| #define PACKAGE_BUGREPORT "https://github.com/frankmorgner/vsmartcard/issues"
| #define PACKAGE_URL "http://frankmorgner.github.io/vsmartcard/virtualsmartcard/README.html"
| #define PACKAGE "virtualsmartcard"
| #define VERSION "0.7"
| #define STDC_HEADERS 1
| #define HAVE_SYS_TYPES_H 1
| #define HAVE_SYS_STAT_H 1
| #define HAVE_STDLIB_H 1
| #define HAVE_STRING_H 1
| #define HAVE_MEMORY_H 1
| #define HAVE_STRINGS_H 1
| #define HAVE_INTTYPES_H 1
| #define HAVE_STDINT_H 1
| #define HAVE_UNISTD_H 1
| #define HAVE_DLFCN_H 1
| #define LT_OBJDIR ".libs/"
| /* end confdefs.h.  */
| #include <pthread.h>
|                         static void routine(void *a) { a = 0; }
|                         static void *start_routine(void *a) { return a; }
| int
| main ()
| {
| pthread_t th; pthread_attr_t attr;
|                         pthread_create(&th, 0, start_routine, 0);
|                         pthread_join(th, 0);
|                         pthread_attr_init(&attr);
|                         pthread_cleanup_push(routine, 0);
|                         pthread_cleanup_pop(0) /* ; */
|   ;
|   return 0;
| }
configure:17688: result: no
configure:17586: checking whether pthreads work without any flags
configure:17679: gcc -o conftest -g -O2    conftest.c   >&5
/tmp/ccmY7pAF.o: In function `main':
/home/cmel/Desktop/virtualsmartcard-0.7/conftest.c:30: undefined reference to `pthread_create'
/home/cmel/Desktop/virtualsmartcard-0.7/conftest.c:31: undefined reference to `pthread_join'
/home/cmel/Desktop/virtualsmartcard-0.7/conftest.c:33: undefined reference to `__pthread_register_cancel'
/home/cmel/Desktop/virtualsmartcard-0.7/conftest.c:34: undefined reference to `__pthread_unregister_cancel'
collect2: error: ld returned 1 exit status
configure:17679: $? = 1
configure: failed program was:
| /* confdefs.h */
| #define PACKAGE_NAME "Virtual Smart Card"
| #define PACKAGE_TARNAME "virtualsmartcard"
| #define PACKAGE_VERSION "0.7"
| #define PACKAGE_STRING "Virtual Smart Card 0.7"
| #define PACKAGE_BUGREPORT "https://github.com/frankmorgner/vsmartcard/issues"
| #define PACKAGE_URL "http://frankmorgner.github.io/vsmartcard/virtualsmartcard/README.html"
| #define PACKAGE "virtualsmartcard"
| #define VERSION "0.7"
| #define STDC_HEADERS 1
| #define HAVE_SYS_TYPES_H 1
| #define HAVE_SYS_STAT_H 1
| #define HAVE_STDLIB_H 1
| #define HAVE_STRING_H 1
| #define HAVE_MEMORY_H 1
| #define HAVE_STRINGS_H 1
| #define HAVE_INTTYPES_H 1
| #define HAVE_STDINT_H 1
| #define HAVE_UNISTD_H 1
| #define HAVE_DLFCN_H 1
| #define LT_OBJDIR ".libs/"
| /* end confdefs.h.  */
| #include <pthread.h>
|                         static void routine(void *a) { a = 0; }
|                         static void *start_routine(void *a) { return a; }
| int
| main ()
| {
| pthread_t th; pthread_attr_t attr;
|                         pthread_create(&th, 0, start_routine, 0);
|                         pthread_join(th, 0);
|                         pthread_attr_init(&attr);
|                         pthread_cleanup_push(routine, 0);
|                         pthread_cleanup_pop(0) /* ; */
|   ;
|   return 0;
| }
configure:17688: result: no
configure:17591: checking whether pthreads work with -Kthread
configure:17679: gcc -o conftest -g -O2 -Kthread   conftest.c   >&5
gcc: error: unrecognized command line option '-Kthread'
configure:17679: $? = 1
configure: failed program was:
| /* confdefs.h */
| #define PACKAGE_NAME "Virtual Smart Card"
| #define PACKAGE_TARNAME "virtualsmartcard"
| #define PACKAGE_VERSION "0.7"
| #define PACKAGE_STRING "Virtual Smart Card 0.7"
| #define PACKAGE_BUGREPORT "https://github.com/frankmorgner/vsmartcard/issues"
| #define PACKAGE_URL "http://frankmorgner.github.io/vsmartcard/virtualsmartcard/README.html"
| #define PACKAGE "virtualsmartcard"
| #define VERSION "0.7"
| #define STDC_HEADERS 1
| #define HAVE_SYS_TYPES_H 1
| #define HAVE_SYS_STAT_H 1
| #define HAVE_STDLIB_H 1
| #define HAVE_STRING_H 1
| #define HAVE_MEMORY_H 1
| #define HAVE_STRINGS_H 1
| #define HAVE_INTTYPES_H 1
| #define HAVE_STDINT_H 1
| #define HAVE_UNISTD_H 1
| #define HAVE_DLFCN_H 1
| #define LT_OBJDIR ".libs/"
| /* end confdefs.h.  */
| #include <pthread.h>
|                         static void routine(void *a) { a = 0; }
|                         static void *start_routine(void *a) { return a; }
| int
| main ()
| {
| pthread_t th; pthread_attr_t attr;
|                         pthread_create(&th, 0, start_routine, 0);
|                         pthread_join(th, 0);
|                         pthread_attr_init(&attr);
|                         pthread_cleanup_push(routine, 0);
|                         pthread_cleanup_pop(0) /* ; */
|   ;
|   return 0;
| }
configure:17688: result: no
configure:17591: checking whether pthreads work with -kthread
configure:17679: gcc -o conftest -g -O2 -kthread   conftest.c   >&5
gcc: error: unrecognized command line option '-kthread'
configure:17679: $? = 1
configure: failed program was:
| /* confdefs.h */
| #define PACKAGE_NAME "Virtual Smart Card"
| #define PACKAGE_TARNAME "virtualsmartcard"
| #define PACKAGE_VERSION "0.7"
| #define PACKAGE_STRING "Virtual Smart Card 0.7"
| #define PACKAGE_BUGREPORT "https://github.com/frankmorgner/vsmartcard/issues"
| #define PACKAGE_URL "http://frankmorgner.github.io/vsmartcard/virtualsmartcard/README.html"
| #define PACKAGE "virtualsmartcard"
| #define VERSION "0.7"
| #define STDC_HEADERS 1
| #define HAVE_SYS_TYPES_H 1
| #define HAVE_SYS_STAT_H 1
| #define HAVE_STDLIB_H 1
| #define HAVE_STRING_H 1
| #define HAVE_MEMORY_H 1
| #define HAVE_STRINGS_H 1
| #define HAVE_INTTYPES_H 1
| #define HAVE_STDINT_H 1
| #define HAVE_UNISTD_H 1
| #define HAVE_DLFCN_H 1
| #define LT_OBJDIR ".libs/"
| /* end confdefs.h.  */
| #include <pthread.h>
|                         static void routine(void *a) { a = 0; }
|                         static void *start_routine(void *a) { return a; }
| int
| main ()
| {
| pthread_t th; pthread_attr_t attr;
|                         pthread_create(&th, 0, start_routine, 0);
|                         pthread_join(th, 0);
|                         pthread_attr_init(&attr);
|                         pthread_cleanup_push(routine, 0);
|                         pthread_cleanup_pop(0) /* ; */
|   ;
|   return 0;
| }
configure:17688: result: no
configure:17641: checking for the pthreads library -llthread
configure:17679: gcc -o conftest -g -O2    conftest.c -llthread  >&5
/usr/bin/ld: cannot find -llthread
collect2: error: ld returned 1 exit status
configure:17679: $? = 1
configure: failed program was:
| /* confdefs.h */
| #define PACKAGE_NAME "Virtual Smart Card"
| #define PACKAGE_TARNAME "virtualsmartcard"
| #define PACKAGE_VERSION "0.7"
| #define PACKAGE_STRING "Virtual Smart Card 0.7"
| #define PACKAGE_BUGREPORT "https://github.com/frankmorgner/vsmartcard/issues"
| #define PACKAGE_URL "http://frankmorgner.github.io/vsmartcard/virtualsmartcard/README.html"
| #define PACKAGE "virtualsmartcard"
| #define VERSION "0.7"
| #define STDC_HEADERS 1
| #define HAVE_SYS_TYPES_H 1
| #define HAVE_SYS_STAT_H 1
| #define HAVE_STDLIB_H 1
| #define HAVE_STRING_H 1
| #define HAVE_MEMORY_H 1
| #define HAVE_STRINGS_H 1
| #define HAVE_INTTYPES_H 1
| #define HAVE_STDINT_H 1
| #define HAVE_UNISTD_H 1
| #define HAVE_DLFCN_H 1
| #define LT_OBJDIR ".libs/"
| /* end confdefs.h.  */
| #include <pthread.h>
|                         static void routine(void *a) { a = 0; }
|                         static void *start_routine(void *a) { return a; }
| int
| main ()
| {
| pthread_t th; pthread_attr_t attr;
|                         pthread_create(&th, 0, start_routine, 0);
|                         pthread_join(th, 0);
|                         pthread_attr_init(&attr);
|                         pthread_cleanup_push(routine, 0);
|                         pthread_cleanup_pop(0) /* ; */
|   ;
|   return 0;
| }
configure:17688: result: no
configure:17591: checking whether pthreads work with -pthread
configure:17679: gcc -o conftest -g -O2 -pthread   conftest.c   >&5
configure:17679: $? = 0
configure:17688: result: yes
configure:17707: checking for joinable pthread attribute
configure:17722: gcc -o conftest -g -O2 -pthread   conftest.c   >&5
configure:17722: $? = 0
configure:17728: result: PTHREAD_CREATE_JOINABLE
configure:17738: checking if more special flags are required for pthreads
configure:17752: result: no
configure:17758: checking for PTHREAD_PRIO_INHERIT
configure:17776: gcc -o conftest -g -O2 -pthread   conftest.c   >&5
configure:17776: $? = 0
configure:17785: result: yes
configure:17887: checking for help2man
configure:17905: found /usr/bin/help2man
configure:17918: result: /usr/bin/help2man
configure:17943: checking whether make supports nested variables
configure:17960: result: yes
configure:17985: $PKG_CONFIG --exists --print-errors "libpcsclite"
configure:17988: $? = 0
configure:17992: checking for PCSC
configure:17999: $PKG_CONFIG --exists --print-errors "libpcsclite"
configure:18002: $? = 0
configure:18016: $PKG_CONFIG --exists --print-errors "libpcsclite"
configure:18019: $? = 0
configure:18077: result: yes
configure:18090: checking ifdhandler.h usability
configure:18090: gcc -c -g -O2  -pthread -I/usr/include/PCSC conftest.c >&5
configure:18090: $? = 0
configure:18090: result: yes
configure:18090: checking ifdhandler.h presence
configure:18090: gcc -E  -pthread -I/usr/include/PCSC conftest.c
configure:18090: $? = 0
configure:18090: result: yes
configure:18090: checking for ifdhandler.h
configure:18090: result: yes
configure:18184: $PKG_CONFIG --exists --print-errors "libqrencode"
configure:18187: $? = 0
configure:18191: checking for QRENCODE
configure:18198: $PKG_CONFIG --exists --print-errors "libqrencode"
configure:18201: $? = 0
configure:18215: $PKG_CONFIG --exists --print-errors "libqrencode"
configure:18218: $? = 0
configure:18276: result: yes
configure:18288: checking qrencode.h usability
configure:18288: gcc -c -g -O2  -I/usr/local/include -I./src/opensc/src conftest.c >&5
configure:18288: $? = 0
configure:18288: result: yes
configure:18288: checking qrencode.h presence
configure:18288: gcc -E  -I/usr/local/include -I./src/opensc/src conftest.c
configure:18288: $? = 0
configure:18288: result: yes
configure:18288: checking for qrencode.h
configure:18288: result: yes
configure:18300: checking for QRcode_encodeString
configure:18320: gcc -o conftest -g -O2  -I/usr/local/include -I./src/opensc/src  conftest.c  -L/usr/local/lib -lqrencode >&5
configure:18320: $? = 0
configure:18321: result: yes
configure:18354: checking arpa/inet.h usability
configure:18354: gcc -c -g -O2  conftest.c >&5
configure:18354: $? = 0
configure:18354: result: yes
configure:18354: checking arpa/inet.h presence
configure:18354: gcc -E  conftest.c
configure:18354: $? = 0
configure:18354: result: yes
configure:18354: checking for arpa/inet.h
configure:18354: result: yes
configure:18354: checking for stdint.h
configure:18354: result: yes
configure:18354: checking for stdlib.h
configure:18354: result: yes
configure:18354: checking for string.h
configure:18354: result: yes
configure:18354: checking sys/socket.h usability
configure:18354: gcc -c -g -O2  conftest.c >&5
configure:18354: $? = 0
configure:18354: result: yes
configure:18354: checking sys/socket.h presence
configure:18354: gcc -E  conftest.c
configure:18354: $? = 0
configure:18354: result: yes
configure:18354: checking for sys/socket.h
configure:18354: result: yes
configure:18354: checking sys/time.h usability
configure:18354: gcc -c -g -O2  conftest.c >&5
configure:18354: $? = 0
configure:18354: result: yes
configure:18354: checking sys/time.h presence
configure:18354: gcc -E  conftest.c
configure:18354: $? = 0
configure:18354: result: yes
configure:18354: checking for sys/time.h
configure:18354: result: yes
configure:18354: checking for unistd.h
configure:18354: result: yes
configure:18366: checking for size_t
configure:18366: gcc -c -g -O2  conftest.c >&5
configure:18366: $? = 0
configure:18366: gcc -c -g -O2  conftest.c >&5
conftest.c: In function 'main':
conftest.c:72:21: error: expected expression before ')' token
 if (sizeof ((size_t)))
                     ^
configure:18366: $? = 1
configure: failed program was:
| /* confdefs.h */
| #define PACKAGE_NAME "Virtual Smart Card"
| #define PACKAGE_TARNAME "virtualsmartcard"
| #define PACKAGE_VERSION "0.7"
| #define PACKAGE_STRING "Virtual Smart Card 0.7"
| #define PACKAGE_BUGREPORT "https://github.com/frankmorgner/vsmartcard/issues"
| #define PACKAGE_URL "http://frankmorgner.github.io/vsmartcard/virtualsmartcard/README.html"
| #define PACKAGE "virtualsmartcard"
| #define VERSION "0.7"
| #define STDC_HEADERS 1
| #define HAVE_SYS_TYPES_H 1
| #define HAVE_SYS_STAT_H 1
| #define HAVE_STDLIB_H 1
| #define HAVE_STRING_H 1
| #define HAVE_MEMORY_H 1
| #define HAVE_STRINGS_H 1
| #define HAVE_INTTYPES_H 1
| #define HAVE_STDINT_H 1
| #define HAVE_UNISTD_H 1
| #define HAVE_DLFCN_H 1
| #define LT_OBJDIR ".libs/"
| #define HAVE_PTHREAD_PRIO_INHERIT 1
| #define HAVE_PTHREAD 1
| #define HAVE_IFDHANDLER_H 1
| #define VPCDHOST NULL
| #define HAVE_QRENCODE_H 1
| #define HAVE_QRENCODE 1
| #define HAVE_ARPA_INET_H 1
| #define HAVE_STDINT_H 1
| #define HAVE_STDLIB_H 1
| #define HAVE_STRING_H 1
| #define HAVE_SYS_SOCKET_H 1
| #define HAVE_SYS_TIME_H 1
| #define HAVE_UNISTD_H 1
| /* end confdefs.h.  */
| #include <stdio.h>
| #ifdef HAVE_SYS_TYPES_H
| # include <sys/types.h>
| #endif
| #ifdef HAVE_SYS_STAT_H
| # include <sys/stat.h>
| #endif
| #ifdef STDC_HEADERS
| # include <stdlib.h>
| # include <stddef.h>
| #else
| # ifdef HAVE_STDLIB_H
| #  include <stdlib.h>
| # endif
| #endif
| #ifdef HAVE_STRING_H
| # if !defined STDC_HEADERS && defined HAVE_MEMORY_H
| #  include <memory.h>
| # endif
| # include <string.h>
| #endif
| #ifdef HAVE_STRINGS_H
| # include <strings.h>
| #endif
| #ifdef HAVE_INTTYPES_H
| # include <inttypes.h>
| #endif
| #ifdef HAVE_STDINT_H
| # include <stdint.h>
| #endif
| #ifdef HAVE_UNISTD_H
| # include <unistd.h>
| #endif
| int
| main ()
| {
| if (sizeof ((size_t)))
| 	    return 0;
|   ;
|   return 0;
| }
configure:18366: result: yes
configure:18377: checking for uint16_t
configure:18377: gcc -c -g -O2  conftest.c >&5
configure:18377: $? = 0
configure:18377: result: yes
configure:18389: checking whether SO_NOSIGPIPE is declared
configure:18389: gcc -c -g -O2  conftest.c >&5
conftest.c: In function 'main':
conftest.c:45:10: error: 'SO_NOSIGPIPE' undeclared (first use in this function)
   (void) SO_NOSIGPIPE;
          ^
conftest.c:45:10: note: each undeclared identifier is reported only once for each function it appears in
configure:18389: $? = 1
configure: failed program was:
| /* confdefs.h */
| #define PACKAGE_NAME "Virtual Smart Card"
| #define PACKAGE_TARNAME "virtualsmartcard"
| #define PACKAGE_VERSION "0.7"
| #define PACKAGE_STRING "Virtual Smart Card 0.7"
| #define PACKAGE_BUGREPORT "https://github.com/frankmorgner/vsmartcard/issues"
| #define PACKAGE_URL "http://frankmorgner.github.io/vsmartcard/virtualsmartcard/README.html"
| #define PACKAGE "virtualsmartcard"
| #define VERSION "0.7"
| #define STDC_HEADERS 1
| #define HAVE_SYS_TYPES_H 1
| #define HAVE_SYS_STAT_H 1
| #define HAVE_STDLIB_H 1
| #define HAVE_STRING_H 1
| #define HAVE_MEMORY_H 1
| #define HAVE_STRINGS_H 1
| #define HAVE_INTTYPES_H 1
| #define HAVE_STDINT_H 1
| #define HAVE_UNISTD_H 1
| #define HAVE_DLFCN_H 1
| #define LT_OBJDIR ".libs/"
| #define HAVE_PTHREAD_PRIO_INHERIT 1
| #define HAVE_PTHREAD 1
| #define HAVE_IFDHANDLER_H 1
| #define VPCDHOST NULL
| #define HAVE_QRENCODE_H 1
| #define HAVE_QRENCODE 1
| #define HAVE_ARPA_INET_H 1
| #define HAVE_STDINT_H 1
| #define HAVE_STDLIB_H 1
| #define HAVE_STRING_H 1
| #define HAVE_SYS_SOCKET_H 1
| #define HAVE_SYS_TIME_H 1
| #define HAVE_UNISTD_H 1
| /* end confdefs.h.  */
| #include <sys/socket.h>
| 
| int
| main ()
| {
| #ifndef SO_NOSIGPIPE
| #ifdef __cplusplus
|   (void) SO_NOSIGPIPE;
| #else
|   (void) SO_NOSIGPIPE;
| #endif
| #endif
| 
|   ;
|   return 0;
| }
configure:18389: result: no
configure:18401: checking whether MSG_NOSIGNAL is declared
configure:18401: gcc -c -g -O2  conftest.c >&5
configure:18401: $? = 0
configure:18401: result: yes
configure:18417: checking for stdlib.h
configure:18417: result: yes
configure:18427: checking for GNU libc compatible malloc
configure:18451: gcc -o conftest -g -O2   conftest.c  >&5
configure:18451: $? = 0
configure:18451: ./conftest
configure:18451: $? = 0
configure:18461: result: yes
configure:18485: checking for memset
configure:18485: gcc -o conftest -g -O2   conftest.c  >&5
conftest.c:63:6: warning: conflicting types for built-in function 'memset'
 char memset ();
      ^
configure:18485: $? = 0
configure:18485: result: yes
configure:18485: checking for select
configure:18485: gcc -o conftest -g -O2   conftest.c  >&5
configure:18485: $? = 0
configure:18485: result: yes
configure:18485: checking for socket
configure:18485: gcc -o conftest -g -O2   conftest.c  >&5
configure:18485: $? = 0
configure:18485: result: yes
configure:18693: checking that generated files are newer than configure
configure:18699: result: done
configure:18738: creating ./config.status

## ---------------------- ##
## Running config.status. ##
## ---------------------- ##

This file was extended by Virtual Smart Card config.status 0.7, which was
generated by GNU Autoconf 2.69.  Invocation command line was

  CONFIG_FILES    = 
  CONFIG_HEADERS  = 
  CONFIG_LINKS    = 
  CONFIG_COMMANDS = 
  $ ./config.status 

on cmel-ubuntu

config.status:1213: creating Makefile
config.status:1213: creating doc/Makefile
config.status:1213: creating doc/api/Makefile
config.status:1213: creating npa-example-data/Makefile
config.status:1213: creating npa-example-data/dh/Makefile
config.status:1213: creating npa-example-data/ecdh/Makefile
config.status:1213: creating src/Makefile
config.status:1213: creating src/pcsclite-vpcd/Makefile
config.status:1213: creating src/ifd-vpcd/Makefile
config.status:1213: creating src/vpcd/Makefile
config.status:1213: creating src/vpicc/Makefile
config.status:1213: creating src/vpcd-config/Makefile
config.status:1213: creating config.h
config.status:1442: executing depfiles commands
config.status:1442: executing libtool commands

## ---------------- ##
## Cache variables. ##
## ---------------- ##

ac_cv_build=x86_64-unknown-linux-gnu
ac_cv_c_compiler_gnu=yes
ac_cv_c_uint16_t=yes
ac_cv_cxx_compiler_gnu=yes
ac_cv_env_CCC_set=
ac_cv_env_CCC_value=
ac_cv_env_CC_set=
ac_cv_env_CC_value=
ac_cv_env_CFLAGS_set=
ac_cv_env_CFLAGS_value=
ac_cv_env_CPPFLAGS_set=
ac_cv_env_CPPFLAGS_value=
ac_cv_env_CPP_set=
ac_cv_env_CPP_value=
ac_cv_env_CXXCPP_set=
ac_cv_env_CXXCPP_value=
ac_cv_env_CXXFLAGS_set=
ac_cv_env_CXXFLAGS_value=
ac_cv_env_CXX_set=
ac_cv_env_CXX_value=
ac_cv_env_HELP2MAN_set=
ac_cv_env_HELP2MAN_value=
ac_cv_env_LDFLAGS_set=
ac_cv_env_LDFLAGS_value=
ac_cv_env_LIBS_set=
ac_cv_env_LIBS_value=
ac_cv_env_LT_SYS_LIBRARY_PATH_set=
ac_cv_env_LT_SYS_LIBRARY_PATH_value=
ac_cv_env_PCSC_CFLAGS_set=
ac_cv_env_PCSC_CFLAGS_value=
ac_cv_env_PCSC_LIBS_set=
ac_cv_env_PCSC_LIBS_value=
ac_cv_env_PKG_CONFIG_LIBDIR_set=
ac_cv_env_PKG_CONFIG_LIBDIR_value=
ac_cv_env_PKG_CONFIG_PATH_set=
ac_cv_env_PKG_CONFIG_PATH_value=
ac_cv_env_PKG_CONFIG_set=
ac_cv_env_PKG_CONFIG_value=
ac_cv_env_PYTHON_set=
ac_cv_env_PYTHON_value=
ac_cv_env_QRENCODE_CFLAGS_set=
ac_cv_env_QRENCODE_CFLAGS_value=
ac_cv_env_QRENCODE_LIBS_set=
ac_cv_env_QRENCODE_LIBS_value=
ac_cv_env_build_alias_set=
ac_cv_env_build_alias_value=
ac_cv_env_host_alias_set=
ac_cv_env_host_alias_value=
ac_cv_env_target_alias_set=
ac_cv_env_target_alias_value=
ac_cv_func_malloc_0_nonnull=yes
ac_cv_func_memset=yes
ac_cv_func_select=yes
ac_cv_func_socket=yes
ac_cv_have_decl_MSG_NOSIGNAL=yes
ac_cv_have_decl_SO_NOSIGPIPE=no
ac_cv_header_arpa_inet_h=yes
ac_cv_header_dlfcn_h=yes
ac_cv_header_ifdhandler_h=yes
ac_cv_header_inttypes_h=yes
ac_cv_header_memory_h=yes
ac_cv_header_qrencode_h=yes
ac_cv_header_stdc=yes
ac_cv_header_stdint_h=yes
ac_cv_header_stdlib_h=yes
ac_cv_header_string_h=yes
ac_cv_header_strings_h=yes
ac_cv_header_sys_socket_h=yes
ac_cv_header_sys_stat_h=yes
ac_cv_header_sys_time_h=yes
ac_cv_header_sys_types_h=yes
ac_cv_header_unistd_h=yes
ac_cv_host=x86_64-unknown-linux-gnu
ac_cv_objext=o
ac_cv_path_EGREP='/bin/grep -E'
ac_cv_path_FGREP='/bin/grep -F'
ac_cv_path_GREP=/bin/grep
ac_cv_path_HELP2MAN=/usr/bin/help2man
ac_cv_path_PYTHON=/usr/bin/python
ac_cv_path_SED=/bin/sed
ac_cv_path_ac_pt_PKG_CONFIG=/usr/bin/pkg-config
ac_cv_path_install='/usr/bin/install -c'
ac_cv_path_lt_DD=/bin/dd
ac_cv_path_mkdir=/bin/mkdir
ac_cv_prog_AWK=mawk
ac_cv_prog_CPP='gcc -E'
ac_cv_prog_CXXCPP='g++ -E'
ac_cv_prog_ac_ct_AR=ar
ac_cv_prog_ac_ct_CC=gcc
ac_cv_prog_ac_ct_CXX=g++
ac_cv_prog_ac_ct_MANIFEST_TOOL=mt
ac_cv_prog_ac_ct_OBJDUMP=objdump
ac_cv_prog_ac_ct_RANLIB=ranlib
ac_cv_prog_ac_ct_STRIP=strip
ac_cv_prog_cc_c89=
ac_cv_prog_cc_g=yes
ac_cv_prog_cxx_g=yes
ac_cv_prog_make_make_set=yes
ac_cv_type_size_t=yes
am_cv_CC_dependencies_compiler_type=gcc3
am_cv_CXX_dependencies_compiler_type=gcc3
am_cv_make_support_nested_variables=yes
am_cv_prog_cc_c_o=yes
am_cv_python_platform=linux2
am_cv_python_pyexecdir='${exec_prefix}/lib/python2.7/dist-packages'
am_cv_python_pythondir='${prefix}/lib/python2.7/dist-packages'
am_cv_python_version=2.7
ax_cv_PTHREAD_PRIO_INHERIT=yes
lt_cv_ar_at_file=@
lt_cv_archive_cmds_need_lc=no
lt_cv_deplibs_check_method=pass_all
lt_cv_file_magic_cmd='$MAGIC_CMD'
lt_cv_file_magic_test_file=
lt_cv_ld_reload_flag=-r
lt_cv_nm_interface='BSD nm'
lt_cv_objdir=.libs
lt_cv_path_LD=/usr/bin/ld
lt_cv_path_LDCXX='/usr/bin/ld -m elf_x86_64'
lt_cv_path_NM='/usr/bin/nm -B'
lt_cv_path_mainfest_tool=no
lt_cv_prog_compiler_c_o=yes
lt_cv_prog_compiler_c_o_CXX=yes
lt_cv_prog_compiler_pic='-fPIC -DPIC'
lt_cv_prog_compiler_pic_CXX='-fPIC -DPIC'
lt_cv_prog_compiler_pic_works=yes
lt_cv_prog_compiler_pic_works_CXX=yes
lt_cv_prog_compiler_rtti_exceptions=no
lt_cv_prog_compiler_static_works=yes
lt_cv_prog_compiler_static_works_CXX=yes
lt_cv_prog_gnu_ld=yes
lt_cv_prog_gnu_ldcxx=yes
lt_cv_sharedlib_from_linklib_cmd='printf %s\n'
lt_cv_shlibpath_overrides_runpath=no
lt_cv_sys_global_symbol_pipe='sed -n -e '\''s/^.*[	 ]\([ABCDGIRSTW][ABCDGIRSTW]*\)[	 ][	 ]*\([_A-Za-z][_A-Za-z0-9]*\)$/\1 \2 \2/p'\'' | sed '\''/ __gnu_lto/d'\'''
lt_cv_sys_global_symbol_to_c_name_address='sed -n -e '\''s/^: \(.*\) .*$/  {"\1", (void *) 0},/p'\'' -e '\''s/^[ABCDGIRSTW][ABCDGIRSTW]* .* \(.*\)$/  {"\1", (void *) \&\1},/p'\'''
lt_cv_sys_global_symbol_to_c_name_address_lib_prefix='sed -n -e '\''s/^: \(.*\) .*$/  {"\1", (void *) 0},/p'\'' -e '\''s/^[ABCDGIRSTW][ABCDGIRSTW]* .* \(lib.*\)$/  {"\1", (void *) \&\1},/p'\'' -e '\''s/^[ABCDGIRSTW][ABCDGIRSTW]* .* \(.*\)$/  {"lib\1", (void *) \&\1},/p'\'''
lt_cv_sys_global_symbol_to_cdecl='sed -n -e '\''s/^T .* \(.*\)$/extern int \1();/p'\'' -e '\''s/^[ABCDGIRSTW][ABCDGIRSTW]* .* \(.*\)$/extern char \1;/p'\'''
lt_cv_sys_global_symbol_to_import=
lt_cv_sys_max_cmd_len=1572864
lt_cv_to_host_file_cmd=func_convert_file_noop
lt_cv_to_tool_file_cmd=func_convert_file_noop
lt_cv_truncate_bin='/bin/dd bs=4096 count=1'
pkg_cv_PCSC_CFLAGS='-pthread -I/usr/include/PCSC'
pkg_cv_PCSC_LIBS=-lpcsclite
pkg_cv_QRENCODE_CFLAGS=-I/usr/local/include
pkg_cv_QRENCODE_LIBS='-L/usr/local/lib -lqrencode'

## ----------------- ##
## Output variables. ##
## ----------------- ##

ACLOCAL='${SHELL} /home/cmel/Desktop/virtualsmartcard-0.7/missing aclocal-1.15'
AMDEPBACKSLASH='\'
AMDEP_FALSE='#'
AMDEP_TRUE=''
AMTAR='$${TAR-tar}'
AM_BACKSLASH='\'
AM_DEFAULT_V='$(AM_DEFAULT_VERBOSITY)'
AM_DEFAULT_VERBOSITY='0'
AM_V='$(V)'
AR='ar'
AS='as'
AUTOCONF='${SHELL} /home/cmel/Desktop/virtualsmartcard-0.7/missing autoconf'
AUTOHEADER='${SHELL} /home/cmel/Desktop/virtualsmartcard-0.7/missing autoheader'
AUTOMAKE='${SHELL} /home/cmel/Desktop/virtualsmartcard-0.7/missing automake-1.15'
AWK='mawk'
BUILD_LIBPCSCLITE_FALSE=''
BUILD_LIBPCSCLITE_TRUE='#'
BUNDLE_HOST='Linux'
CC='gcc'
CCDEPMODE='depmode=gcc3'
CFLAGS='-g -O2'
CPP='gcc -E'
CPPFLAGS=''
CXX='g++'
CXXCPP='g++ -E'
CXXDEPMODE='depmode=gcc3'
CXXFLAGS='-g -O2'
CYGPATH_W='echo'
DEFS='-DHAVE_CONFIG_H'
DEPDIR='.deps'
DLLTOOL='false'
DSYMUTIL=''
DUMPBIN=''
DYN_LIB_EXT='so'
ECHO_C=''
ECHO_N='-n'
ECHO_T=''
EGREP='/bin/grep -E'
EXEEXT=''
FGREP='/bin/grep -F'
GREP='/bin/grep'
HAVE_QRENCODE_FALSE='#'
HAVE_QRENCODE_TRUE=''
HELP2MAN='/usr/bin/help2man'
INSTALL_DATA='${INSTALL} -m 644'
INSTALL_PROGRAM='${INSTALL}'
INSTALL_SCRIPT='${INSTALL}'
INSTALL_STRIP_PROGRAM='$(install_sh) -c -s'
LD='/usr/bin/ld -m elf_x86_64'
LDFLAGS=''
LIBOBJS=''
LIBS=''
LIBTOOL='$(SHELL) $(top_builddir)/libtool'
LIB_PREFIX='lib'
LIPO=''
LN_S='ln -s'
LTLIBOBJS=''
LT_SYS_LIBRARY_PATH=''
MAKEINFO='${SHELL} /home/cmel/Desktop/virtualsmartcard-0.7/missing makeinfo'
MANIFEST_TOOL=':'
MKDIR_P='/bin/mkdir -p'
NM='/usr/bin/nm -B'
NMEDIT=''
OBJDUMP='objdump'
OBJEXT='o'
OTOOL64=''
OTOOL=''
PACKAGE='virtualsmartcard'
PACKAGE_BUGREPORT='https://github.com/frankmorgner/vsmartcard/issues'
PACKAGE_NAME='Virtual Smart Card'
PACKAGE_STRING='Virtual Smart Card 0.7'
PACKAGE_SUMMARY='Smart card emulator written in Python'
PACKAGE_TARNAME='virtualsmartcard'
PACKAGE_URL='http://frankmorgner.github.io/vsmartcard/virtualsmartcard/README.html'
PACKAGE_VERSION='0.7'
PATH_SEPARATOR=':'
PCSC_CFLAGS='-pthread -I/usr/include/PCSC'
PCSC_LIBS='-lpcsclite'
PKG_CONFIG='/usr/bin/pkg-config'
PKG_CONFIG_LIBDIR=''
PKG_CONFIG_PATH=''
PTHREAD_CC='gcc'
PTHREAD_CFLAGS='-pthread'
PTHREAD_LIBS=''
PYTHON='/usr/bin/python'
PYTHON_EXEC_PREFIX='${exec_prefix}'
PYTHON_PLATFORM='linux2'
PYTHON_PREFIX='${prefix}'
PYTHON_VERSION='2.7'
QRENCODE_CFLAGS='-I/usr/local/include'
QRENCODE_LIBS='-L/usr/local/lib -lqrencode'
RANLIB='ranlib'
SED='/bin/sed'
SET_MAKE=''
SHELL='/bin/bash'
STRIP='strip'
VERSION='0.7'
ac_ct_AR='ar'
ac_ct_CC='gcc'
ac_ct_CXX='g++'
ac_ct_DUMPBIN=''
am__EXEEXT_FALSE=''
am__EXEEXT_TRUE='#'
am__fastdepCC_FALSE='#'
am__fastdepCC_TRUE=''
am__fastdepCXX_FALSE='#'
am__fastdepCXX_TRUE=''
am__include='include'
am__isrc=''
am__leading_dot='.'
am__nodep='_no'
am__quote=''
am__tar='$${TAR-tar} chof - "$$tardir"'
am__untar='$${TAR-tar} xf -'
ax_pthread_config=''
bindir='${exec_prefix}/bin'
build='x86_64-unknown-linux-gnu'
build_alias=''
build_cpu='x86_64'
build_os='linux-gnu'
build_vendor='unknown'
datadir='${datarootdir}'
datarootdir='${prefix}/share'
docdir='${datarootdir}/doc/${PACKAGE_TARNAME}'
dvidir='${docdir}'
exec_prefix='${prefix}'
host='x86_64-unknown-linux-gnu'
host_alias=''
host_cpu='x86_64'
host_os='linux-gnu'
host_vendor='unknown'
htmldir='${docdir}'
includedir='${prefix}/include'
infodir='${datarootdir}/info'
install_sh='${SHELL} /home/cmel/Desktop/virtualsmartcard-0.7/install-sh'
libdir='${exec_prefix}/lib'
libexecdir='${exec_prefix}/libexec'
localedir='${datarootdir}/locale'
localstatedir='${prefix}/var'
mandir='${datarootdir}/man'
mkdir_p='$(MKDIR_P)'
oldincludedir='/usr/include'
pdfdir='${docdir}'
pkgpyexecdir='${pyexecdir}/virtualsmartcard'
pkgpythondir='${pythondir}/virtualsmartcard'
prefix='/usr/local'
program_transform_name='s,x,x,'
psdir='${docdir}'
pyexecdir='${exec_prefix}/lib/python2.7/dist-packages'
pythondir='${prefix}/lib/python2.7/dist-packages'
runstatedir='${localstatedir}/run'
sbindir='${exec_prefix}/sbin'
serialconfdir='/etc/reader.conf.d'
serialdropdir='/usr/lib/pcsc/drivers/serial'
sharedstatedir='${prefix}/com'
sysconfdir='/etc'
target_alias=''
vpcdhost='/dev/null'

## ----------- ##
## confdefs.h. ##
## ----------- ##

/* confdefs.h */
#define PACKAGE_NAME "Virtual Smart Card"
#define PACKAGE_TARNAME "virtualsmartcard"
#define PACKAGE_VERSION "0.7"
#define PACKAGE_STRING "Virtual Smart Card 0.7"
#define PACKAGE_BUGREPORT "https://github.com/frankmorgner/vsmartcard/issues"
#define PACKAGE_URL "http://frankmorgner.github.io/vsmartcard/virtualsmartcard/README.html"
#define PACKAGE "virtualsmartcard"
#define VERSION "0.7"
#define STDC_HEADERS 1
#define HAVE_SYS_TYPES_H 1
#define HAVE_SYS_STAT_H 1
#define HAVE_STDLIB_H 1
#define HAVE_STRING_H 1
#define HAVE_MEMORY_H 1
#define HAVE_STRINGS_H 1
#define HAVE_INTTYPES_H 1
#define HAVE_STDINT_H 1
#define HAVE_UNISTD_H 1
#define HAVE_DLFCN_H 1
#define LT_OBJDIR ".libs/"
#define HAVE_PTHREAD_PRIO_INHERIT 1
#define HAVE_PTHREAD 1
#define HAVE_IFDHANDLER_H 1
#define VPCDHOST NULL
#define HAVE_QRENCODE_H 1
#define HAVE_QRENCODE 1
#define HAVE_ARPA_INET_H 1
#define HAVE_STDINT_H 1
#define HAVE_STDLIB_H 1
#define HAVE_STRING_H 1
#define HAVE_SYS_SOCKET_H 1
#define HAVE_SYS_TIME_H 1
#define HAVE_UNISTD_H 1
#define HAVE_DECL_SO_NOSIGPIPE 0
#define HAVE_DECL_MSG_NOSIGNAL 1
#define HAVE_STDLIB_H 1
#define HAVE_MALLOC 1
#define HAVE_MEMSET 1
#define HAVE_SELECT 1
#define HAVE_SOCKET 1

configure: exit 0
